Loading cora dataset...
Epoch: 0001 loss_train: 2.8474 acc_train: 0.0000 loss_val: 2.8086 acc_val: 0.0000 time: 0.0175s
Epoch: 0002 loss_train: 2.8312 acc_train: 0.0000 loss_val: 2.7807 acc_val: 0.0000 time: 0.0140s
Epoch: 0003 loss_train: 2.8000 acc_train: 0.0500 loss_val: 2.7517 acc_val: 0.3467 time: 0.0136s
Epoch: 0004 loss_train: 2.7670 acc_train: 0.2143 loss_val: 2.7212 acc_val: 0.3500 time: 0.0136s
Epoch: 0005 loss_train: 2.7455 acc_train: 0.2571 loss_val: 2.6893 acc_val: 0.3500 time: 0.0135s
Epoch: 0006 loss_train: 2.7023 acc_train: 0.2857 loss_val: 2.6557 acc_val: 0.3500 time: 0.0136s
Epoch: 0007 loss_train: 2.6759 acc_train: 0.2929 loss_val: 2.6203 acc_val: 0.3500 time: 0.0136s
Epoch: 0008 loss_train: 2.6305 acc_train: 0.2929 loss_val: 2.5832 acc_val: 0.3500 time: 0.0138s
Epoch: 0009 loss_train: 2.6074 acc_train: 0.2929 loss_val: 2.5445 acc_val: 0.3500 time: 0.0150s
Epoch: 0010 loss_train: 2.5706 acc_train: 0.2929 loss_val: 2.5044 acc_val: 0.3500 time: 0.0149s
Epoch: 0011 loss_train: 2.5289 acc_train: 0.2929 loss_val: 2.4631 acc_val: 0.3500 time: 0.0136s
Epoch: 0012 loss_train: 2.4918 acc_train: 0.2929 loss_val: 2.4209 acc_val: 0.3500 time: 0.0140s
Epoch: 0013 loss_train: 2.4135 acc_train: 0.2929 loss_val: 2.3779 acc_val: 0.3500 time: 0.0137s
Epoch: 0014 loss_train: 2.3725 acc_train: 0.2929 loss_val: 2.3347 acc_val: 0.3500 time: 0.0137s
Epoch: 0015 loss_train: 2.3634 acc_train: 0.2929 loss_val: 2.2915 acc_val: 0.3500 time: 0.0138s
Epoch: 0016 loss_train: 2.3353 acc_train: 0.2929 loss_val: 2.2488 acc_val: 0.3500 time: 0.0140s
Epoch: 0017 loss_train: 2.2829 acc_train: 0.2929 loss_val: 2.2070 acc_val: 0.3500 time: 0.0152s
Epoch: 0018 loss_train: 2.2134 acc_train: 0.2929 loss_val: 2.1663 acc_val: 0.3500 time: 0.0156s
Epoch: 0019 loss_train: 2.1864 acc_train: 0.2929 loss_val: 2.1269 acc_val: 0.3500 time: 0.0146s
Epoch: 0020 loss_train: 2.1500 acc_train: 0.2929 loss_val: 2.0894 acc_val: 0.3500 time: 0.0145s
Epoch: 0021 loss_train: 2.0869 acc_train: 0.2929 loss_val: 2.0539 acc_val: 0.3500 time: 0.0143s
Epoch: 0022 loss_train: 2.0640 acc_train: 0.2929 loss_val: 2.0207 acc_val: 0.3500 time: 0.0143s
Epoch: 0023 loss_train: 2.0386 acc_train: 0.2929 loss_val: 1.9900 acc_val: 0.3500 time: 0.0152s
Epoch: 0024 loss_train: 2.0100 acc_train: 0.2929 loss_val: 1.9621 acc_val: 0.3500 time: 0.0167s
Epoch: 0025 loss_train: 1.9903 acc_train: 0.3000 loss_val: 1.9370 acc_val: 0.3500 time: 0.0151s
Epoch: 0026 loss_train: 1.9575 acc_train: 0.3000 loss_val: 1.9146 acc_val: 0.3500 time: 0.0146s
Epoch: 0027 loss_train: 1.9152 acc_train: 0.2929 loss_val: 1.8952 acc_val: 0.3500 time: 0.0146s
Epoch: 0028 loss_train: 1.9315 acc_train: 0.2929 loss_val: 1.8783 acc_val: 0.3500 time: 0.0143s
Epoch: 0029 loss_train: 1.8759 acc_train: 0.3000 loss_val: 1.8637 acc_val: 0.3500 time: 0.0140s
Epoch: 0030 loss_train: 1.8790 acc_train: 0.2929 loss_val: 1.8512 acc_val: 0.3500 time: 0.0137s
Epoch: 0031 loss_train: 1.8687 acc_train: 0.2929 loss_val: 1.8404 acc_val: 0.3500 time: 0.0141s
Epoch: 0032 loss_train: 1.8691 acc_train: 0.2929 loss_val: 1.8310 acc_val: 0.3500 time: 0.0139s
Epoch: 0033 loss_train: 1.8494 acc_train: 0.2929 loss_val: 1.8227 acc_val: 0.3500 time: 0.0142s
Epoch: 0034 loss_train: 1.8278 acc_train: 0.3000 loss_val: 1.8155 acc_val: 0.3500 time: 0.0137s
Epoch: 0035 loss_train: 1.8105 acc_train: 0.2929 loss_val: 1.8089 acc_val: 0.3500 time: 0.0150s
Epoch: 0036 loss_train: 1.8383 acc_train: 0.2857 loss_val: 1.8027 acc_val: 0.3500 time: 0.0137s
Epoch: 0037 loss_train: 1.7975 acc_train: 0.2929 loss_val: 1.7969 acc_val: 0.3500 time: 0.0138s
Epoch: 0038 loss_train: 1.8094 acc_train: 0.3143 loss_val: 1.7912 acc_val: 0.3500 time: 0.0138s
Epoch: 0039 loss_train: 1.7946 acc_train: 0.2929 loss_val: 1.7856 acc_val: 0.3500 time: 0.0151s
Epoch: 0040 loss_train: 1.8168 acc_train: 0.3071 loss_val: 1.7803 acc_val: 0.3500 time: 0.0137s
Epoch: 0041 loss_train: 1.7865 acc_train: 0.2929 loss_val: 1.7751 acc_val: 0.3500 time: 0.0142s
Epoch: 0042 loss_train: 1.7765 acc_train: 0.2857 loss_val: 1.7695 acc_val: 0.3500 time: 0.0138s
Epoch: 0043 loss_train: 1.7840 acc_train: 0.3357 loss_val: 1.7639 acc_val: 0.3500 time: 0.0135s
Epoch: 0044 loss_train: 1.7746 acc_train: 0.3214 loss_val: 1.7579 acc_val: 0.3500 time: 0.0136s
Epoch: 0045 loss_train: 1.7623 acc_train: 0.3071 loss_val: 1.7516 acc_val: 0.3500 time: 0.0136s
Epoch: 0046 loss_train: 1.7586 acc_train: 0.2929 loss_val: 1.7454 acc_val: 0.3500 time: 0.0137s
Epoch: 0047 loss_train: 1.7511 acc_train: 0.3143 loss_val: 1.7389 acc_val: 0.3500 time: 0.0135s
Epoch: 0048 loss_train: 1.7358 acc_train: 0.2786 loss_val: 1.7321 acc_val: 0.3500 time: 0.0136s
Epoch: 0049 loss_train: 1.7003 acc_train: 0.3429 loss_val: 1.7252 acc_val: 0.3500 time: 0.0136s
Epoch: 0050 loss_train: 1.6975 acc_train: 0.3429 loss_val: 1.7182 acc_val: 0.3500 time: 0.0137s
Epoch: 0051 loss_train: 1.7116 acc_train: 0.3357 loss_val: 1.7107 acc_val: 0.3500 time: 0.0137s
Epoch: 0052 loss_train: 1.6753 acc_train: 0.3143 loss_val: 1.7032 acc_val: 0.3500 time: 0.0137s
Epoch: 0053 loss_train: 1.7014 acc_train: 0.2857 loss_val: 1.6956 acc_val: 0.3500 time: 0.0135s
Epoch: 0054 loss_train: 1.7031 acc_train: 0.3071 loss_val: 1.6877 acc_val: 0.3500 time: 0.0138s
Epoch: 0055 loss_train: 1.6794 acc_train: 0.2857 loss_val: 1.6797 acc_val: 0.3500 time: 0.0136s
Epoch: 0056 loss_train: 1.6699 acc_train: 0.3357 loss_val: 1.6716 acc_val: 0.3500 time: 0.0135s
Epoch: 0057 loss_train: 1.6389 acc_train: 0.3643 loss_val: 1.6632 acc_val: 0.3533 time: 0.0138s
Epoch: 0058 loss_train: 1.6564 acc_train: 0.3071 loss_val: 1.6545 acc_val: 0.3567 time: 0.0137s
Epoch: 0059 loss_train: 1.6184 acc_train: 0.3714 loss_val: 1.6456 acc_val: 0.3600 time: 0.0155s
Epoch: 0060 loss_train: 1.6036 acc_train: 0.3357 loss_val: 1.6361 acc_val: 0.3633 time: 0.0140s
Epoch: 0061 loss_train: 1.5976 acc_train: 0.4071 loss_val: 1.6265 acc_val: 0.3667 time: 0.0137s
Epoch: 0062 loss_train: 1.6028 acc_train: 0.3786 loss_val: 1.6165 acc_val: 0.3633 time: 0.0151s
Epoch: 0063 loss_train: 1.5415 acc_train: 0.3786 loss_val: 1.6061 acc_val: 0.3633 time: 0.0136s
Epoch: 0064 loss_train: 1.5704 acc_train: 0.3643 loss_val: 1.5953 acc_val: 0.3633 time: 0.0149s
Epoch: 0065 loss_train: 1.5216 acc_train: 0.3857 loss_val: 1.5844 acc_val: 0.3733 time: 0.0138s
Epoch: 0066 loss_train: 1.4831 acc_train: 0.4714 loss_val: 1.5737 acc_val: 0.3867 time: 0.0137s
Epoch: 0067 loss_train: 1.4918 acc_train: 0.4357 loss_val: 1.5633 acc_val: 0.3933 time: 0.0137s
Epoch: 0068 loss_train: 1.4679 acc_train: 0.4286 loss_val: 1.5523 acc_val: 0.4200 time: 0.0136s
Epoch: 0069 loss_train: 1.5011 acc_train: 0.4857 loss_val: 1.5408 acc_val: 0.4333 time: 0.0135s
Epoch: 0070 loss_train: 1.4731 acc_train: 0.4643 loss_val: 1.5290 acc_val: 0.4333 time: 0.0148s
Epoch: 0071 loss_train: 1.4249 acc_train: 0.5000 loss_val: 1.5170 acc_val: 0.4433 time: 0.0136s
Epoch: 0072 loss_train: 1.4361 acc_train: 0.5143 loss_val: 1.5050 acc_val: 0.4500 time: 0.0138s
Epoch: 0073 loss_train: 1.3993 acc_train: 0.5071 loss_val: 1.4930 acc_val: 0.4567 time: 0.0150s
Epoch: 0074 loss_train: 1.3993 acc_train: 0.5500 loss_val: 1.4809 acc_val: 0.4600 time: 0.0136s
Epoch: 0075 loss_train: 1.4230 acc_train: 0.5071 loss_val: 1.4689 acc_val: 0.4633 time: 0.0149s
Epoch: 0076 loss_train: 1.3717 acc_train: 0.4857 loss_val: 1.4573 acc_val: 0.4700 time: 0.0143s
Epoch: 0077 loss_train: 1.4050 acc_train: 0.4929 loss_val: 1.4462 acc_val: 0.4733 time: 0.0144s
Epoch: 0078 loss_train: 1.3328 acc_train: 0.5214 loss_val: 1.4355 acc_val: 0.4967 time: 0.0137s
Epoch: 0079 loss_train: 1.2908 acc_train: 0.5857 loss_val: 1.4253 acc_val: 0.4967 time: 0.0126s
Epoch: 0080 loss_train: 1.3318 acc_train: 0.5500 loss_val: 1.4152 acc_val: 0.5133 time: 0.0125s
Epoch: 0081 loss_train: 1.3390 acc_train: 0.5571 loss_val: 1.4047 acc_val: 0.5200 time: 0.0124s
Epoch: 0082 loss_train: 1.2784 acc_train: 0.5929 loss_val: 1.3940 acc_val: 0.5400 time: 0.0126s
Epoch: 0083 loss_train: 1.2898 acc_train: 0.6000 loss_val: 1.3823 acc_val: 0.5433 time: 0.0127s
Epoch: 0084 loss_train: 1.2895 acc_train: 0.5929 loss_val: 1.3705 acc_val: 0.5433 time: 0.0125s
Epoch: 0085 loss_train: 1.2519 acc_train: 0.6214 loss_val: 1.3586 acc_val: 0.5433 time: 0.0125s
Epoch: 0086 loss_train: 1.2123 acc_train: 0.6143 loss_val: 1.3469 acc_val: 0.5400 time: 0.0137s
Epoch: 0087 loss_train: 1.1956 acc_train: 0.6643 loss_val: 1.3359 acc_val: 0.5467 time: 0.0132s
Epoch: 0088 loss_train: 1.2302 acc_train: 0.6500 loss_val: 1.3255 acc_val: 0.5567 time: 0.0127s
Epoch: 0089 loss_train: 1.2509 acc_train: 0.6214 loss_val: 1.3152 acc_val: 0.5700 time: 0.0125s
Epoch: 0090 loss_train: 1.1978 acc_train: 0.6714 loss_val: 1.3045 acc_val: 0.5833 time: 0.0125s
Epoch: 0091 loss_train: 1.1447 acc_train: 0.6357 loss_val: 1.2939 acc_val: 0.5933 time: 0.0130s
Epoch: 0092 loss_train: 1.1099 acc_train: 0.7143 loss_val: 1.2832 acc_val: 0.6133 time: 0.0138s
Epoch: 0093 loss_train: 1.1858 acc_train: 0.6143 loss_val: 1.2730 acc_val: 0.6233 time: 0.0136s
Epoch: 0094 loss_train: 1.2054 acc_train: 0.6357 loss_val: 1.2629 acc_val: 0.6300 time: 0.0129s
Epoch: 0095 loss_train: 1.1810 acc_train: 0.6786 loss_val: 1.2528 acc_val: 0.6367 time: 0.0126s
Epoch: 0096 loss_train: 1.1391 acc_train: 0.6643 loss_val: 1.2434 acc_val: 0.6400 time: 0.0126s
Epoch: 0097 loss_train: 1.1756 acc_train: 0.6286 loss_val: 1.2351 acc_val: 0.6533 time: 0.0128s
Epoch: 0098 loss_train: 1.0865 acc_train: 0.6643 loss_val: 1.2274 acc_val: 0.6667 time: 0.0139s
Epoch: 0099 loss_train: 1.0647 acc_train: 0.7357 loss_val: 1.2189 acc_val: 0.6900 time: 0.0128s
Epoch: 0100 loss_train: 1.0919 acc_train: 0.6571 loss_val: 1.2102 acc_val: 0.6933 time: 0.0125s
Epoch: 0101 loss_train: 1.0922 acc_train: 0.7071 loss_val: 1.2020 acc_val: 0.6967 time: 0.0127s
Epoch: 0102 loss_train: 1.0805 acc_train: 0.7214 loss_val: 1.1941 acc_val: 0.7033 time: 0.0129s
Epoch: 0103 loss_train: 1.1034 acc_train: 0.7000 loss_val: 1.1856 acc_val: 0.7067 time: 0.0129s
Epoch: 0104 loss_train: 1.0268 acc_train: 0.7143 loss_val: 1.1765 acc_val: 0.7167 time: 0.0142s
Epoch: 0105 loss_train: 1.0657 acc_train: 0.7143 loss_val: 1.1684 acc_val: 0.7167 time: 0.0128s
Epoch: 0106 loss_train: 1.0497 acc_train: 0.7071 loss_val: 1.1603 acc_val: 0.7233 time: 0.0136s
Epoch: 0107 loss_train: 1.0252 acc_train: 0.7429 loss_val: 1.1524 acc_val: 0.7333 time: 0.0130s
Epoch: 0108 loss_train: 1.0270 acc_train: 0.6857 loss_val: 1.1448 acc_val: 0.7367 time: 0.0126s
Epoch: 0109 loss_train: 1.0074 acc_train: 0.7214 loss_val: 1.1371 acc_val: 0.7433 time: 0.0139s
Epoch: 0110 loss_train: 0.9579 acc_train: 0.7786 loss_val: 1.1275 acc_val: 0.7467 time: 0.0138s
Epoch: 0111 loss_train: 0.9879 acc_train: 0.7357 loss_val: 1.1187 acc_val: 0.7500 time: 0.0139s
Epoch: 0112 loss_train: 0.9399 acc_train: 0.7286 loss_val: 1.1104 acc_val: 0.7500 time: 0.0138s
Epoch: 0113 loss_train: 0.9502 acc_train: 0.7571 loss_val: 1.1017 acc_val: 0.7533 time: 0.0140s
Epoch: 0114 loss_train: 0.9592 acc_train: 0.7643 loss_val: 1.0934 acc_val: 0.7567 time: 0.0139s
Epoch: 0115 loss_train: 0.9084 acc_train: 0.7571 loss_val: 1.0851 acc_val: 0.7667 time: 0.0137s
Epoch: 0116 loss_train: 0.9805 acc_train: 0.7214 loss_val: 1.0770 acc_val: 0.7733 time: 0.0138s
Epoch: 0117 loss_train: 0.8926 acc_train: 0.7500 loss_val: 1.0699 acc_val: 0.7800 time: 0.0138s
Epoch: 0118 loss_train: 0.9603 acc_train: 0.7214 loss_val: 1.0638 acc_val: 0.7867 time: 0.0135s
Epoch: 0119 loss_train: 0.9413 acc_train: 0.7857 loss_val: 1.0578 acc_val: 0.7867 time: 0.0137s
Epoch: 0120 loss_train: 0.8798 acc_train: 0.7571 loss_val: 1.0529 acc_val: 0.7933 time: 0.0149s
Epoch: 0121 loss_train: 0.8816 acc_train: 0.8071 loss_val: 1.0479 acc_val: 0.7900 time: 0.0137s
Epoch: 0122 loss_train: 0.8995 acc_train: 0.8071 loss_val: 1.0415 acc_val: 0.7900 time: 0.0137s
Epoch: 0123 loss_train: 0.8833 acc_train: 0.7857 loss_val: 1.0358 acc_val: 0.7933 time: 0.0136s
Epoch: 0124 loss_train: 0.8650 acc_train: 0.7929 loss_val: 1.0299 acc_val: 0.7933 time: 0.0138s
Epoch: 0125 loss_train: 0.8519 acc_train: 0.7857 loss_val: 1.0239 acc_val: 0.7833 time: 0.0141s
Epoch: 0126 loss_train: 0.8532 acc_train: 0.7929 loss_val: 1.0178 acc_val: 0.7800 time: 0.0139s
Epoch: 0127 loss_train: 0.9081 acc_train: 0.8000 loss_val: 1.0108 acc_val: 0.7767 time: 0.0138s
Epoch: 0128 loss_train: 0.8792 acc_train: 0.7786 loss_val: 1.0046 acc_val: 0.7733 time: 0.0137s
Epoch: 0129 loss_train: 0.8537 acc_train: 0.7643 loss_val: 0.9984 acc_val: 0.7733 time: 0.0149s
Epoch: 0130 loss_train: 0.8776 acc_train: 0.7643 loss_val: 0.9933 acc_val: 0.7733 time: 0.0146s
Epoch: 0131 loss_train: 0.8063 acc_train: 0.8286 loss_val: 0.9882 acc_val: 0.7833 time: 0.0137s
Epoch: 0132 loss_train: 0.7740 acc_train: 0.8286 loss_val: 0.9824 acc_val: 0.7867 time: 0.0149s
Epoch: 0133 loss_train: 0.7277 acc_train: 0.8571 loss_val: 0.9769 acc_val: 0.7933 time: 0.0136s
Epoch: 0134 loss_train: 0.7963 acc_train: 0.7929 loss_val: 0.9714 acc_val: 0.7900 time: 0.0137s
Epoch: 0135 loss_train: 0.7860 acc_train: 0.8071 loss_val: 0.9657 acc_val: 0.7900 time: 0.0136s
Epoch: 0136 loss_train: 0.7806 acc_train: 0.7929 loss_val: 0.9609 acc_val: 0.7900 time: 0.0137s
Epoch: 0137 loss_train: 0.7227 acc_train: 0.8643 loss_val: 0.9552 acc_val: 0.7900 time: 0.0137s
Epoch: 0138 loss_train: 0.7437 acc_train: 0.8286 loss_val: 0.9497 acc_val: 0.7867 time: 0.0149s
Epoch: 0139 loss_train: 0.7251 acc_train: 0.8214 loss_val: 0.9454 acc_val: 0.7900 time: 0.0137s
Epoch: 0140 loss_train: 0.7632 acc_train: 0.8143 loss_val: 0.9412 acc_val: 0.7967 time: 0.0138s
Epoch: 0141 loss_train: 0.7776 acc_train: 0.8357 loss_val: 0.9377 acc_val: 0.7833 time: 0.0136s
Epoch: 0142 loss_train: 0.7828 acc_train: 0.8214 loss_val: 0.9347 acc_val: 0.7833 time: 0.0137s
Epoch: 0143 loss_train: 0.7346 acc_train: 0.8357 loss_val: 0.9334 acc_val: 0.7867 time: 0.0136s
Epoch: 0144 loss_train: 0.7789 acc_train: 0.8286 loss_val: 0.9309 acc_val: 0.7900 time: 0.0135s
Epoch: 0145 loss_train: 0.7819 acc_train: 0.7929 loss_val: 0.9264 acc_val: 0.7967 time: 0.0138s
Epoch: 0146 loss_train: 0.6976 acc_train: 0.8500 loss_val: 0.9205 acc_val: 0.8000 time: 0.0148s
Epoch: 0147 loss_train: 0.6998 acc_train: 0.8286 loss_val: 0.9136 acc_val: 0.7933 time: 0.0137s
Epoch: 0148 loss_train: 0.7153 acc_train: 0.8571 loss_val: 0.9074 acc_val: 0.7900 time: 0.0136s
Epoch: 0149 loss_train: 0.6697 acc_train: 0.8571 loss_val: 0.9023 acc_val: 0.7967 time: 0.0149s
Epoch: 0150 loss_train: 0.7158 acc_train: 0.8214 loss_val: 0.8976 acc_val: 0.7967 time: 0.0138s
Epoch: 0151 loss_train: 0.7409 acc_train: 0.8214 loss_val: 0.8938 acc_val: 0.7933 time: 0.0149s
Epoch: 0152 loss_train: 0.7330 acc_train: 0.8357 loss_val: 0.8912 acc_val: 0.7967 time: 0.0137s
Epoch: 0153 loss_train: 0.7346 acc_train: 0.8357 loss_val: 0.8897 acc_val: 0.8067 time: 0.0137s
Epoch: 0154 loss_train: 0.6876 acc_train: 0.8429 loss_val: 0.8890 acc_val: 0.7933 time: 0.0138s
Epoch: 0155 loss_train: 0.6815 acc_train: 0.8571 loss_val: 0.8888 acc_val: 0.7933 time: 0.0136s
Epoch: 0156 loss_train: 0.6853 acc_train: 0.8500 loss_val: 0.8866 acc_val: 0.7933 time: 0.0137s
Epoch: 0157 loss_train: 0.7105 acc_train: 0.8357 loss_val: 0.8816 acc_val: 0.7933 time: 0.0138s
Epoch: 0158 loss_train: 0.6908 acc_train: 0.8429 loss_val: 0.8760 acc_val: 0.7967 time: 0.0146s
Epoch: 0159 loss_train: 0.6668 acc_train: 0.8500 loss_val: 0.8699 acc_val: 0.7967 time: 0.0136s
Epoch: 0160 loss_train: 0.7073 acc_train: 0.8214 loss_val: 0.8638 acc_val: 0.8033 time: 0.0137s
Epoch: 0161 loss_train: 0.6713 acc_train: 0.8714 loss_val: 0.8588 acc_val: 0.8000 time: 0.0136s
Epoch: 0162 loss_train: 0.6446 acc_train: 0.8286 loss_val: 0.8553 acc_val: 0.8033 time: 0.0136s
Epoch: 0163 loss_train: 0.6557 acc_train: 0.8357 loss_val: 0.8525 acc_val: 0.8033 time: 0.0138s
Epoch: 0164 loss_train: 0.5887 acc_train: 0.8857 loss_val: 0.8497 acc_val: 0.8033 time: 0.0138s
Epoch: 0165 loss_train: 0.6287 acc_train: 0.8714 loss_val: 0.8478 acc_val: 0.8067 time: 0.0138s
Epoch: 0166 loss_train: 0.6788 acc_train: 0.8643 loss_val: 0.8465 acc_val: 0.8067 time: 0.0138s
Epoch: 0167 loss_train: 0.6091 acc_train: 0.8643 loss_val: 0.8461 acc_val: 0.8033 time: 0.0138s
Epoch: 0168 loss_train: 0.6171 acc_train: 0.8500 loss_val: 0.8446 acc_val: 0.7967 time: 0.0135s
Epoch: 0169 loss_train: 0.6329 acc_train: 0.8571 loss_val: 0.8442 acc_val: 0.7933 time: 0.0138s
Epoch: 0170 loss_train: 0.5823 acc_train: 0.8786 loss_val: 0.8417 acc_val: 0.7933 time: 0.0139s
Epoch: 0171 loss_train: 0.6407 acc_train: 0.8714 loss_val: 0.8374 acc_val: 0.7933 time: 0.0141s
Epoch: 0172 loss_train: 0.6035 acc_train: 0.8857 loss_val: 0.8326 acc_val: 0.8000 time: 0.0137s
Epoch: 0173 loss_train: 0.6132 acc_train: 0.8643 loss_val: 0.8283 acc_val: 0.8067 time: 0.0135s
Epoch: 0174 loss_train: 0.6457 acc_train: 0.8643 loss_val: 0.8240 acc_val: 0.8067 time: 0.0136s
Epoch: 0175 loss_train: 0.6461 acc_train: 0.8500 loss_val: 0.8206 acc_val: 0.8067 time: 0.0137s
Epoch: 0176 loss_train: 0.5592 acc_train: 0.8571 loss_val: 0.8184 acc_val: 0.8100 time: 0.0136s
Epoch: 0177 loss_train: 0.6082 acc_train: 0.8571 loss_val: 0.8168 acc_val: 0.8100 time: 0.0136s
Epoch: 0178 loss_train: 0.5692 acc_train: 0.8643 loss_val: 0.8163 acc_val: 0.8100 time: 0.0136s
Epoch: 0179 loss_train: 0.6321 acc_train: 0.8357 loss_val: 0.8152 acc_val: 0.8100 time: 0.0151s
Epoch: 0180 loss_train: 0.5960 acc_train: 0.8786 loss_val: 0.8150 acc_val: 0.8100 time: 0.0136s
Epoch: 0181 loss_train: 0.5743 acc_train: 0.8357 loss_val: 0.8148 acc_val: 0.8033 time: 0.0140s
Epoch: 0182 loss_train: 0.6463 acc_train: 0.8643 loss_val: 0.8137 acc_val: 0.7967 time: 0.0141s
Epoch: 0183 loss_train: 0.6049 acc_train: 0.8429 loss_val: 0.8115 acc_val: 0.8000 time: 0.0145s
Epoch: 0184 loss_train: 0.5789 acc_train: 0.8857 loss_val: 0.8084 acc_val: 0.8067 time: 0.0143s
Epoch: 0185 loss_train: 0.6493 acc_train: 0.8357 loss_val: 0.8051 acc_val: 0.8133 time: 0.0144s
Epoch: 0186 loss_train: 0.6129 acc_train: 0.8500 loss_val: 0.8023 acc_val: 0.8233 time: 0.0144s
Epoch: 0187 loss_train: 0.5749 acc_train: 0.8786 loss_val: 0.7996 acc_val: 0.8200 time: 0.0143s
Epoch: 0188 loss_train: 0.5881 acc_train: 0.8786 loss_val: 0.7975 acc_val: 0.8200 time: 0.0148s
Epoch: 0189 loss_train: 0.5979 acc_train: 0.8643 loss_val: 0.7965 acc_val: 0.8133 time: 0.0136s
Epoch: 0190 loss_train: 0.5263 acc_train: 0.8786 loss_val: 0.7962 acc_val: 0.8133 time: 0.0136s
Epoch: 0191 loss_train: 0.5920 acc_train: 0.8571 loss_val: 0.7968 acc_val: 0.8067 time: 0.0148s
Epoch: 0192 loss_train: 0.5133 acc_train: 0.9071 loss_val: 0.7971 acc_val: 0.8000 time: 0.0150s
Epoch: 0193 loss_train: 0.5191 acc_train: 0.9071 loss_val: 0.7965 acc_val: 0.8000 time: 0.0137s
Epoch: 0194 loss_train: 0.5714 acc_train: 0.8786 loss_val: 0.7955 acc_val: 0.8000 time: 0.0138s
Epoch: 0195 loss_train: 0.5479 acc_train: 0.8857 loss_val: 0.7940 acc_val: 0.8000 time: 0.0136s
Epoch: 0196 loss_train: 0.5605 acc_train: 0.8929 loss_val: 0.7909 acc_val: 0.8000 time: 0.0136s
Epoch: 0197 loss_train: 0.5440 acc_train: 0.8857 loss_val: 0.7882 acc_val: 0.8000 time: 0.0150s
Epoch: 0198 loss_train: 0.5796 acc_train: 0.8714 loss_val: 0.7856 acc_val: 0.8033 time: 0.0137s
Epoch: 0199 loss_train: 0.5705 acc_train: 0.8929 loss_val: 0.7814 acc_val: 0.8167 time: 0.0136s
Epoch: 0200 loss_train: 0.5708 acc_train: 0.8714 loss_val: 0.7787 acc_val: 0.8100 time: 0.0135s
Optimization Finished!
Total time elapsed: 2.7834s
Test set results: loss= 0.8253 accuracy= 0.8100
Loading cora dataset...
Epoch: 0001 loss_train: 2.9107 acc_train: 0.0000 loss_val: 2.8838 acc_val: 0.0000 time: 0.5346s
Epoch: 0002 loss_train: 2.8854 acc_train: 0.0000 loss_val: 2.8572 acc_val: 0.0000 time: 0.0060s
Epoch: 0003 loss_train: 2.8526 acc_train: 0.0000 loss_val: 2.8307 acc_val: 0.0000 time: 0.0050s
Epoch: 0004 loss_train: 2.8331 acc_train: 0.0000 loss_val: 2.8041 acc_val: 0.0033 time: 0.0060s
Epoch: 0005 loss_train: 2.8042 acc_train: 0.0143 loss_val: 2.7772 acc_val: 0.1133 time: 0.0060s
Epoch: 0006 loss_train: 2.7823 acc_train: 0.0429 loss_val: 2.7498 acc_val: 0.1133 time: 0.0070s
Epoch: 0007 loss_train: 2.7495 acc_train: 0.1071 loss_val: 2.7217 acc_val: 0.1133 time: 0.0060s
Epoch: 0008 loss_train: 2.7210 acc_train: 0.1214 loss_val: 2.6925 acc_val: 0.1133 time: 0.0050s
Epoch: 0009 loss_train: 2.6973 acc_train: 0.1214 loss_val: 2.6622 acc_val: 0.1133 time: 0.0060s
Epoch: 0010 loss_train: 2.6627 acc_train: 0.1214 loss_val: 2.6308 acc_val: 0.1133 time: 0.0060s
Epoch: 0011 loss_train: 2.6338 acc_train: 0.1214 loss_val: 2.5983 acc_val: 0.1133 time: 0.0070s
Epoch: 0012 loss_train: 2.6012 acc_train: 0.1071 loss_val: 2.5648 acc_val: 0.1133 time: 0.0060s
Epoch: 0013 loss_train: 2.5688 acc_train: 0.1571 loss_val: 2.5305 acc_val: 0.1133 time: 0.0070s
Epoch: 0014 loss_train: 2.5331 acc_train: 0.1571 loss_val: 2.4955 acc_val: 0.1133 time: 0.0070s
Epoch: 0015 loss_train: 2.5099 acc_train: 0.1786 loss_val: 2.4598 acc_val: 0.1133 time: 0.0070s
Epoch: 0016 loss_train: 2.4641 acc_train: 0.1571 loss_val: 2.4238 acc_val: 0.1133 time: 0.0060s
Epoch: 0017 loss_train: 2.4218 acc_train: 0.1714 loss_val: 2.3875 acc_val: 0.1133 time: 0.0070s
Epoch: 0018 loss_train: 2.3758 acc_train: 0.2357 loss_val: 2.3508 acc_val: 0.1133 time: 0.0060s
Epoch: 0019 loss_train: 2.3435 acc_train: 0.2000 loss_val: 2.3142 acc_val: 0.1133 time: 0.0060s
Epoch: 0020 loss_train: 2.3481 acc_train: 0.1286 loss_val: 2.2779 acc_val: 0.1333 time: 0.0060s
Epoch: 0021 loss_train: 2.2825 acc_train: 0.2714 loss_val: 2.2419 acc_val: 0.2533 time: 0.0060s
Epoch: 0022 loss_train: 2.2641 acc_train: 0.1929 loss_val: 2.2064 acc_val: 0.4067 time: 0.0060s
Epoch: 0023 loss_train: 2.2028 acc_train: 0.2500 loss_val: 2.1714 acc_val: 0.4100 time: 0.0060s
Epoch: 0024 loss_train: 2.1878 acc_train: 0.2071 loss_val: 2.1372 acc_val: 0.3500 time: 0.0060s
Epoch: 0025 loss_train: 2.1357 acc_train: 0.3071 loss_val: 2.1037 acc_val: 0.3500 time: 0.0050s
Epoch: 0026 loss_train: 2.1234 acc_train: 0.2714 loss_val: 2.0714 acc_val: 0.3500 time: 0.0070s
Epoch: 0027 loss_train: 2.0793 acc_train: 0.2857 loss_val: 2.0404 acc_val: 0.3500 time: 0.0060s
Epoch: 0028 loss_train: 2.0481 acc_train: 0.2929 loss_val: 2.0108 acc_val: 0.3500 time: 0.0069s
Epoch: 0029 loss_train: 2.0179 acc_train: 0.2714 loss_val: 1.9830 acc_val: 0.3500 time: 0.0060s
Epoch: 0030 loss_train: 1.9929 acc_train: 0.3071 loss_val: 1.9574 acc_val: 0.3500 time: 0.0070s
Epoch: 0031 loss_train: 1.9813 acc_train: 0.2857 loss_val: 1.9341 acc_val: 0.3500 time: 0.0070s
Epoch: 0032 loss_train: 1.9295 acc_train: 0.2857 loss_val: 1.9133 acc_val: 0.3500 time: 0.0055s
Epoch: 0033 loss_train: 1.9175 acc_train: 0.3071 loss_val: 1.8950 acc_val: 0.3500 time: 0.0060s
Epoch: 0034 loss_train: 1.9110 acc_train: 0.2929 loss_val: 1.8789 acc_val: 0.3500 time: 0.0060s
Epoch: 0035 loss_train: 1.8708 acc_train: 0.3000 loss_val: 1.8649 acc_val: 0.3500 time: 0.0060s
Epoch: 0036 loss_train: 1.9232 acc_train: 0.2929 loss_val: 1.8528 acc_val: 0.3500 time: 0.0060s
Epoch: 0037 loss_train: 1.8947 acc_train: 0.2857 loss_val: 1.8422 acc_val: 0.3500 time: 0.0070s
Epoch: 0038 loss_train: 1.8863 acc_train: 0.2929 loss_val: 1.8327 acc_val: 0.3500 time: 0.0060s
Epoch: 0039 loss_train: 1.8491 acc_train: 0.3000 loss_val: 1.8239 acc_val: 0.3500 time: 0.0060s
Epoch: 0040 loss_train: 1.8170 acc_train: 0.3000 loss_val: 1.8154 acc_val: 0.3500 time: 0.0070s
Epoch: 0041 loss_train: 1.8171 acc_train: 0.3000 loss_val: 1.8075 acc_val: 0.3500 time: 0.0060s
Epoch: 0042 loss_train: 1.8396 acc_train: 0.2929 loss_val: 1.7996 acc_val: 0.3500 time: 0.0070s
Epoch: 0043 loss_train: 1.8312 acc_train: 0.2714 loss_val: 1.7922 acc_val: 0.3500 time: 0.0060s
Epoch: 0044 loss_train: 1.8216 acc_train: 0.2929 loss_val: 1.7851 acc_val: 0.3500 time: 0.0060s
Epoch: 0045 loss_train: 1.7833 acc_train: 0.3000 loss_val: 1.7785 acc_val: 0.3500 time: 0.0050s
Epoch: 0046 loss_train: 1.7784 acc_train: 0.3000 loss_val: 1.7723 acc_val: 0.3500 time: 0.0060s
Epoch: 0047 loss_train: 1.7658 acc_train: 0.3000 loss_val: 1.7667 acc_val: 0.3500 time: 0.0060s
Epoch: 0048 loss_train: 1.7810 acc_train: 0.3000 loss_val: 1.7619 acc_val: 0.3500 time: 0.0060s
Epoch: 0049 loss_train: 1.7611 acc_train: 0.3000 loss_val: 1.7577 acc_val: 0.3500 time: 0.0060s
Epoch: 0050 loss_train: 1.7461 acc_train: 0.2857 loss_val: 1.7537 acc_val: 0.3500 time: 0.0060s
Epoch: 0051 loss_train: 1.7655 acc_train: 0.2857 loss_val: 1.7504 acc_val: 0.3500 time: 0.0050s
Epoch: 0052 loss_train: 1.7625 acc_train: 0.3071 loss_val: 1.7475 acc_val: 0.3500 time: 0.0070s
Epoch: 0053 loss_train: 1.7615 acc_train: 0.3000 loss_val: 1.7443 acc_val: 0.3500 time: 0.0070s
Epoch: 0054 loss_train: 1.7566 acc_train: 0.3000 loss_val: 1.7408 acc_val: 0.3500 time: 0.0170s
Epoch: 0055 loss_train: 1.7378 acc_train: 0.3214 loss_val: 1.7367 acc_val: 0.3500 time: 0.0060s
Epoch: 0056 loss_train: 1.7278 acc_train: 0.2929 loss_val: 1.7324 acc_val: 0.3500 time: 0.0050s
Epoch: 0057 loss_train: 1.7295 acc_train: 0.3214 loss_val: 1.7278 acc_val: 0.3500 time: 0.0070s
Epoch: 0058 loss_train: 1.7286 acc_train: 0.3286 loss_val: 1.7229 acc_val: 0.3500 time: 0.0070s
Epoch: 0059 loss_train: 1.7141 acc_train: 0.3214 loss_val: 1.7179 acc_val: 0.3500 time: 0.0060s
Epoch: 0060 loss_train: 1.7332 acc_train: 0.3286 loss_val: 1.7125 acc_val: 0.3500 time: 0.0060s
Epoch: 0061 loss_train: 1.7028 acc_train: 0.3143 loss_val: 1.7067 acc_val: 0.3500 time: 0.0060s
Epoch: 0062 loss_train: 1.7104 acc_train: 0.3500 loss_val: 1.7003 acc_val: 0.3500 time: 0.0060s
Epoch: 0063 loss_train: 1.6822 acc_train: 0.3429 loss_val: 1.6933 acc_val: 0.3500 time: 0.0060s
Epoch: 0064 loss_train: 1.6699 acc_train: 0.3500 loss_val: 1.6857 acc_val: 0.3500 time: 0.0060s
Epoch: 0065 loss_train: 1.6939 acc_train: 0.3500 loss_val: 1.6777 acc_val: 0.3500 time: 0.0060s
Epoch: 0066 loss_train: 1.6850 acc_train: 0.3286 loss_val: 1.6696 acc_val: 0.3533 time: 0.0060s
Epoch: 0067 loss_train: 1.6594 acc_train: 0.3286 loss_val: 1.6611 acc_val: 0.3533 time: 0.0060s
Epoch: 0068 loss_train: 1.6156 acc_train: 0.3500 loss_val: 1.6528 acc_val: 0.3533 time: 0.0060s
Epoch: 0069 loss_train: 1.6022 acc_train: 0.3357 loss_val: 1.6442 acc_val: 0.3533 time: 0.0070s
Epoch: 0070 loss_train: 1.6164 acc_train: 0.3786 loss_val: 1.6358 acc_val: 0.3567 time: 0.0060s
Epoch: 0071 loss_train: 1.6276 acc_train: 0.3643 loss_val: 1.6274 acc_val: 0.3633 time: 0.0060s
Epoch: 0072 loss_train: 1.5750 acc_train: 0.3929 loss_val: 1.6190 acc_val: 0.3633 time: 0.0050s
Epoch: 0073 loss_train: 1.6472 acc_train: 0.3000 loss_val: 1.6105 acc_val: 0.3667 time: 0.0060s
Epoch: 0074 loss_train: 1.5555 acc_train: 0.3786 loss_val: 1.6016 acc_val: 0.3633 time: 0.0060s
Epoch: 0075 loss_train: 1.5356 acc_train: 0.4143 loss_val: 1.5922 acc_val: 0.3667 time: 0.0060s
Epoch: 0076 loss_train: 1.5238 acc_train: 0.4286 loss_val: 1.5826 acc_val: 0.3767 time: 0.0060s
Epoch: 0077 loss_train: 1.4997 acc_train: 0.4571 loss_val: 1.5723 acc_val: 0.3867 time: 0.0060s
Epoch: 0078 loss_train: 1.4788 acc_train: 0.4571 loss_val: 1.5617 acc_val: 0.4000 time: 0.0060s
Epoch: 0079 loss_train: 1.5446 acc_train: 0.4214 loss_val: 1.5508 acc_val: 0.4167 time: 0.0060s
Epoch: 0080 loss_train: 1.4533 acc_train: 0.5143 loss_val: 1.5396 acc_val: 0.4300 time: 0.0060s
Epoch: 0081 loss_train: 1.5175 acc_train: 0.4286 loss_val: 1.5283 acc_val: 0.4333 time: 0.0049s
Epoch: 0082 loss_train: 1.4510 acc_train: 0.5071 loss_val: 1.5166 acc_val: 0.4400 time: 0.0050s
Epoch: 0083 loss_train: 1.4159 acc_train: 0.5071 loss_val: 1.5046 acc_val: 0.4533 time: 0.0060s
Epoch: 0084 loss_train: 1.4123 acc_train: 0.5214 loss_val: 1.4929 acc_val: 0.4633 time: 0.0060s
Epoch: 0085 loss_train: 1.4243 acc_train: 0.5071 loss_val: 1.4811 acc_val: 0.4767 time: 0.0060s
Epoch: 0086 loss_train: 1.3949 acc_train: 0.5571 loss_val: 1.4692 acc_val: 0.4900 time: 0.0060s
Epoch: 0087 loss_train: 1.4132 acc_train: 0.5286 loss_val: 1.4574 acc_val: 0.5067 time: 0.0060s
Epoch: 0088 loss_train: 1.3779 acc_train: 0.6286 loss_val: 1.4450 acc_val: 0.5167 time: 0.0060s
Epoch: 0089 loss_train: 1.3472 acc_train: 0.5500 loss_val: 1.4328 acc_val: 0.5267 time: 0.0060s
Epoch: 0090 loss_train: 1.3351 acc_train: 0.5214 loss_val: 1.4209 acc_val: 0.5467 time: 0.0070s
Epoch: 0091 loss_train: 1.3417 acc_train: 0.5500 loss_val: 1.4092 acc_val: 0.5500 time: 0.0060s
Epoch: 0092 loss_train: 1.3053 acc_train: 0.5786 loss_val: 1.3975 acc_val: 0.5633 time: 0.0050s
Epoch: 0093 loss_train: 1.2782 acc_train: 0.6429 loss_val: 1.3859 acc_val: 0.5800 time: 0.0060s
Epoch: 0094 loss_train: 1.2840 acc_train: 0.5786 loss_val: 1.3749 acc_val: 0.6000 time: 0.0060s
Epoch: 0095 loss_train: 1.2869 acc_train: 0.6143 loss_val: 1.3644 acc_val: 0.6133 time: 0.0059s
Epoch: 0096 loss_train: 1.2966 acc_train: 0.6143 loss_val: 1.3540 acc_val: 0.6300 time: 0.0064s
Epoch: 0097 loss_train: 1.2456 acc_train: 0.6357 loss_val: 1.3432 acc_val: 0.6433 time: 0.0060s
Epoch: 0098 loss_train: 1.2171 acc_train: 0.6429 loss_val: 1.3328 acc_val: 0.6600 time: 0.0060s
Epoch: 0099 loss_train: 1.2119 acc_train: 0.6500 loss_val: 1.3220 acc_val: 0.6700 time: 0.0060s
Epoch: 0100 loss_train: 1.2196 acc_train: 0.6714 loss_val: 1.3106 acc_val: 0.6700 time: 0.0050s
Epoch: 0101 loss_train: 1.2137 acc_train: 0.6571 loss_val: 1.2990 acc_val: 0.6733 time: 0.0070s
Epoch: 0102 loss_train: 1.1901 acc_train: 0.6357 loss_val: 1.2874 acc_val: 0.6867 time: 0.0070s
Epoch: 0103 loss_train: 1.1356 acc_train: 0.6929 loss_val: 1.2765 acc_val: 0.6933 time: 0.0070s
Epoch: 0104 loss_train: 1.1644 acc_train: 0.6571 loss_val: 1.2659 acc_val: 0.7067 time: 0.0080s
Epoch: 0105 loss_train: 1.1386 acc_train: 0.7500 loss_val: 1.2556 acc_val: 0.7133 time: 0.0159s
Epoch: 0106 loss_train: 1.1118 acc_train: 0.7071 loss_val: 1.2460 acc_val: 0.7200 time: 0.0060s
Epoch: 0107 loss_train: 1.1576 acc_train: 0.6786 loss_val: 1.2367 acc_val: 0.7200 time: 0.0070s
Epoch: 0108 loss_train: 1.0676 acc_train: 0.7643 loss_val: 1.2274 acc_val: 0.7167 time: 0.0060s
Epoch: 0109 loss_train: 1.0886 acc_train: 0.6786 loss_val: 1.2178 acc_val: 0.7233 time: 0.0060s
Epoch: 0110 loss_train: 1.0461 acc_train: 0.7429 loss_val: 1.2085 acc_val: 0.7267 time: 0.0070s
Epoch: 0111 loss_train: 1.0613 acc_train: 0.8143 loss_val: 1.1989 acc_val: 0.7267 time: 0.0060s
Epoch: 0112 loss_train: 1.0408 acc_train: 0.7286 loss_val: 1.1897 acc_val: 0.7367 time: 0.0060s
Epoch: 0113 loss_train: 1.0401 acc_train: 0.7214 loss_val: 1.1810 acc_val: 0.7467 time: 0.0060s
Epoch: 0114 loss_train: 1.0572 acc_train: 0.7500 loss_val: 1.1720 acc_val: 0.7433 time: 0.0060s
Epoch: 0115 loss_train: 1.0433 acc_train: 0.7857 loss_val: 1.1629 acc_val: 0.7500 time: 0.0070s
Epoch: 0116 loss_train: 1.0782 acc_train: 0.7286 loss_val: 1.1539 acc_val: 0.7533 time: 0.0050s
Epoch: 0117 loss_train: 0.9954 acc_train: 0.7786 loss_val: 1.1451 acc_val: 0.7600 time: 0.0060s
Epoch: 0118 loss_train: 1.0537 acc_train: 0.7214 loss_val: 1.1368 acc_val: 0.7600 time: 0.0060s
Epoch: 0119 loss_train: 1.0285 acc_train: 0.7500 loss_val: 1.1288 acc_val: 0.7700 time: 0.0050s
Epoch: 0120 loss_train: 0.9904 acc_train: 0.7786 loss_val: 1.1211 acc_val: 0.7733 time: 0.0060s
Epoch: 0121 loss_train: 1.0272 acc_train: 0.7571 loss_val: 1.1133 acc_val: 0.7700 time: 0.0060s
Epoch: 0122 loss_train: 0.9426 acc_train: 0.7857 loss_val: 1.1056 acc_val: 0.7700 time: 0.0060s
Epoch: 0123 loss_train: 0.9824 acc_train: 0.7714 loss_val: 1.0984 acc_val: 0.7700 time: 0.0050s
Epoch: 0124 loss_train: 0.9522 acc_train: 0.8143 loss_val: 1.0915 acc_val: 0.7667 time: 0.0060s
Epoch: 0125 loss_train: 0.9103 acc_train: 0.8000 loss_val: 1.0837 acc_val: 0.7733 time: 0.0060s
Epoch: 0126 loss_train: 0.9720 acc_train: 0.7643 loss_val: 1.0757 acc_val: 0.7733 time: 0.0070s
Epoch: 0127 loss_train: 0.9365 acc_train: 0.7786 loss_val: 1.0675 acc_val: 0.7767 time: 0.0060s
Epoch: 0128 loss_train: 0.9014 acc_train: 0.7929 loss_val: 1.0595 acc_val: 0.7733 time: 0.0060s
Epoch: 0129 loss_train: 0.9368 acc_train: 0.7786 loss_val: 1.0520 acc_val: 0.7733 time: 0.0060s
Epoch: 0130 loss_train: 0.9298 acc_train: 0.7571 loss_val: 1.0448 acc_val: 0.7733 time: 0.0050s
Epoch: 0131 loss_train: 0.9345 acc_train: 0.7786 loss_val: 1.0381 acc_val: 0.7867 time: 0.0060s
Epoch: 0132 loss_train: 0.8898 acc_train: 0.7714 loss_val: 1.0321 acc_val: 0.7833 time: 0.0060s
Epoch: 0133 loss_train: 0.8979 acc_train: 0.8000 loss_val: 1.0263 acc_val: 0.7833 time: 0.0060s
Epoch: 0134 loss_train: 0.8523 acc_train: 0.8143 loss_val: 1.0204 acc_val: 0.7967 time: 0.0060s
Epoch: 0135 loss_train: 0.9255 acc_train: 0.7643 loss_val: 1.0145 acc_val: 0.7967 time: 0.0060s
Epoch: 0136 loss_train: 0.8971 acc_train: 0.8286 loss_val: 1.0092 acc_val: 0.7833 time: 0.0060s
Epoch: 0137 loss_train: 0.8406 acc_train: 0.7929 loss_val: 1.0038 acc_val: 0.7833 time: 0.0070s
Epoch: 0138 loss_train: 0.8553 acc_train: 0.8214 loss_val: 0.9981 acc_val: 0.7833 time: 0.0060s
Epoch: 0139 loss_train: 0.8784 acc_train: 0.8214 loss_val: 0.9921 acc_val: 0.7833 time: 0.0060s
Epoch: 0140 loss_train: 0.8159 acc_train: 0.7857 loss_val: 0.9864 acc_val: 0.7900 time: 0.0060s
Epoch: 0141 loss_train: 0.7810 acc_train: 0.8714 loss_val: 0.9808 acc_val: 0.7933 time: 0.0060s
Epoch: 0142 loss_train: 0.8439 acc_train: 0.7929 loss_val: 0.9753 acc_val: 0.7933 time: 0.0070s
Epoch: 0143 loss_train: 0.7659 acc_train: 0.8143 loss_val: 0.9701 acc_val: 0.7900 time: 0.0060s
Epoch: 0144 loss_train: 0.8711 acc_train: 0.8143 loss_val: 0.9656 acc_val: 0.7967 time: 0.0060s
Epoch: 0145 loss_train: 0.8365 acc_train: 0.7714 loss_val: 0.9613 acc_val: 0.7967 time: 0.0060s
Epoch: 0146 loss_train: 0.7403 acc_train: 0.8357 loss_val: 0.9570 acc_val: 0.7900 time: 0.0060s
Epoch: 0147 loss_train: 0.7923 acc_train: 0.8429 loss_val: 0.9518 acc_val: 0.7933 time: 0.0060s
Epoch: 0148 loss_train: 0.8169 acc_train: 0.8000 loss_val: 0.9464 acc_val: 0.7867 time: 0.0060s
Epoch: 0149 loss_train: 0.7628 acc_train: 0.8500 loss_val: 0.9414 acc_val: 0.7867 time: 0.0060s
Epoch: 0150 loss_train: 0.7818 acc_train: 0.8429 loss_val: 0.9378 acc_val: 0.7933 time: 0.0060s
Epoch: 0151 loss_train: 0.7725 acc_train: 0.8643 loss_val: 0.9338 acc_val: 0.7933 time: 0.0060s
Epoch: 0152 loss_train: 0.7670 acc_train: 0.8143 loss_val: 0.9292 acc_val: 0.7900 time: 0.0050s
Epoch: 0153 loss_train: 0.7376 acc_train: 0.8429 loss_val: 0.9243 acc_val: 0.7867 time: 0.0050s
Epoch: 0154 loss_train: 0.7442 acc_train: 0.8286 loss_val: 0.9191 acc_val: 0.7933 time: 0.0070s
Epoch: 0155 loss_train: 0.7714 acc_train: 0.8214 loss_val: 0.9144 acc_val: 0.7967 time: 0.0060s
Epoch: 0156 loss_train: 0.7125 acc_train: 0.8429 loss_val: 0.9098 acc_val: 0.7967 time: 0.0050s
Epoch: 0157 loss_train: 0.7427 acc_train: 0.8357 loss_val: 0.9059 acc_val: 0.8067 time: 0.0060s
Epoch: 0158 loss_train: 0.7754 acc_train: 0.8071 loss_val: 0.9024 acc_val: 0.8067 time: 0.0050s
Epoch: 0159 loss_train: 0.7422 acc_train: 0.8429 loss_val: 0.8989 acc_val: 0.8067 time: 0.0050s
Epoch: 0160 loss_train: 0.7768 acc_train: 0.8429 loss_val: 0.8961 acc_val: 0.8067 time: 0.0060s
Epoch: 0161 loss_train: 0.6881 acc_train: 0.8571 loss_val: 0.8931 acc_val: 0.8033 time: 0.0060s
Epoch: 0162 loss_train: 0.6751 acc_train: 0.8500 loss_val: 0.8894 acc_val: 0.8067 time: 0.0060s
Epoch: 0163 loss_train: 0.7341 acc_train: 0.8214 loss_val: 0.8855 acc_val: 0.8033 time: 0.0050s
Epoch: 0164 loss_train: 0.6724 acc_train: 0.8786 loss_val: 0.8815 acc_val: 0.7933 time: 0.0070s
Epoch: 0165 loss_train: 0.7523 acc_train: 0.8429 loss_val: 0.8781 acc_val: 0.7967 time: 0.0079s
Epoch: 0166 loss_train: 0.6625 acc_train: 0.8500 loss_val: 0.8747 acc_val: 0.8000 time: 0.0060s
Epoch: 0167 loss_train: 0.6801 acc_train: 0.8500 loss_val: 0.8710 acc_val: 0.8000 time: 0.0160s
Epoch: 0168 loss_train: 0.6637 acc_train: 0.8571 loss_val: 0.8670 acc_val: 0.7900 time: 0.0060s
Epoch: 0169 loss_train: 0.7227 acc_train: 0.8286 loss_val: 0.8634 acc_val: 0.7933 time: 0.0060s
Epoch: 0170 loss_train: 0.7188 acc_train: 0.8714 loss_val: 0.8600 acc_val: 0.7933 time: 0.0060s
Epoch: 0171 loss_train: 0.6121 acc_train: 0.8714 loss_val: 0.8573 acc_val: 0.7967 time: 0.0060s
Epoch: 0172 loss_train: 0.6497 acc_train: 0.8643 loss_val: 0.8549 acc_val: 0.8033 time: 0.0050s
Epoch: 0173 loss_train: 0.6648 acc_train: 0.8214 loss_val: 0.8528 acc_val: 0.8067 time: 0.0060s
Epoch: 0174 loss_train: 0.7487 acc_train: 0.8143 loss_val: 0.8501 acc_val: 0.8133 time: 0.0070s
Epoch: 0175 loss_train: 0.6316 acc_train: 0.8714 loss_val: 0.8479 acc_val: 0.8133 time: 0.0060s
Epoch: 0176 loss_train: 0.6168 acc_train: 0.8714 loss_val: 0.8454 acc_val: 0.8167 time: 0.0060s
Epoch: 0177 loss_train: 0.6390 acc_train: 0.8571 loss_val: 0.8433 acc_val: 0.8167 time: 0.0050s
Epoch: 0178 loss_train: 0.6885 acc_train: 0.8714 loss_val: 0.8399 acc_val: 0.8200 time: 0.0060s
Epoch: 0179 loss_train: 0.7062 acc_train: 0.8286 loss_val: 0.8359 acc_val: 0.8167 time: 0.0060s
Epoch: 0180 loss_train: 0.6602 acc_train: 0.8643 loss_val: 0.8323 acc_val: 0.8100 time: 0.0060s
Epoch: 0181 loss_train: 0.6247 acc_train: 0.8429 loss_val: 0.8292 acc_val: 0.8100 time: 0.0060s
Epoch: 0182 loss_train: 0.6532 acc_train: 0.8500 loss_val: 0.8270 acc_val: 0.8100 time: 0.0059s
Epoch: 0183 loss_train: 0.6250 acc_train: 0.8643 loss_val: 0.8247 acc_val: 0.8167 time: 0.0060s
Epoch: 0184 loss_train: 0.6178 acc_train: 0.8929 loss_val: 0.8227 acc_val: 0.8133 time: 0.0060s
Epoch: 0185 loss_train: 0.6342 acc_train: 0.8357 loss_val: 0.8207 acc_val: 0.8133 time: 0.0050s
Epoch: 0186 loss_train: 0.6100 acc_train: 0.8571 loss_val: 0.8187 acc_val: 0.8133 time: 0.0070s
Epoch: 0187 loss_train: 0.6695 acc_train: 0.8500 loss_val: 0.8163 acc_val: 0.8133 time: 0.0050s
Epoch: 0188 loss_train: 0.6400 acc_train: 0.8571 loss_val: 0.8137 acc_val: 0.8167 time: 0.0060s
Epoch: 0189 loss_train: 0.6213 acc_train: 0.8429 loss_val: 0.8114 acc_val: 0.8200 time: 0.0050s
Epoch: 0190 loss_train: 0.6732 acc_train: 0.8571 loss_val: 0.8090 acc_val: 0.8267 time: 0.0060s
Epoch: 0191 loss_train: 0.6503 acc_train: 0.8714 loss_val: 0.8065 acc_val: 0.8233 time: 0.0060s
Epoch: 0192 loss_train: 0.5963 acc_train: 0.8643 loss_val: 0.8039 acc_val: 0.8233 time: 0.0070s
Epoch: 0193 loss_train: 0.6045 acc_train: 0.8643 loss_val: 0.8021 acc_val: 0.8233 time: 0.0060s
Epoch: 0194 loss_train: 0.5923 acc_train: 0.8500 loss_val: 0.8006 acc_val: 0.8267 time: 0.0060s
Epoch: 0195 loss_train: 0.6302 acc_train: 0.8286 loss_val: 0.7990 acc_val: 0.8267 time: 0.0060s
Epoch: 0196 loss_train: 0.5392 acc_train: 0.9071 loss_val: 0.7972 acc_val: 0.8267 time: 0.0060s
Epoch: 0197 loss_train: 0.6277 acc_train: 0.8429 loss_val: 0.7947 acc_val: 0.8167 time: 0.0060s
Epoch: 0198 loss_train: 0.6100 acc_train: 0.8643 loss_val: 0.7928 acc_val: 0.8167 time: 0.0060s
Epoch: 0199 loss_train: 0.5695 acc_train: 0.8786 loss_val: 0.7906 acc_val: 0.8100 time: 0.0060s
Epoch: 0200 loss_train: 0.5459 acc_train: 0.9000 loss_val: 0.7885 acc_val: 0.8100 time: 0.0050s
Optimization Finished!
Total time elapsed: 1.7712s
Test set results: loss= 0.8428 accuracy= 0.8030
