Loading cora dataset...
Epoch: 0001 loss_train: 2.1037 acc_train: 0.1500 loss_val: 1.9934 acc_val: 0.3700 time: 0.7827s
Epoch: 0002 loss_train: 1.9895 acc_train: 0.3286 loss_val: 1.9251 acc_val: 0.3767 time: 0.0150s
Epoch: 0003 loss_train: 1.9179 acc_train: 0.4000 loss_val: 1.8668 acc_val: 0.4267 time: 0.0150s
Epoch: 0004 loss_train: 1.8563 acc_train: 0.4071 loss_val: 1.8204 acc_val: 0.4033 time: 0.0060s
Epoch: 0005 loss_train: 1.7754 acc_train: 0.4143 loss_val: 1.7780 acc_val: 0.3633 time: 0.0170s
Epoch: 0006 loss_train: 1.7719 acc_train: 0.3786 loss_val: 1.7342 acc_val: 0.3633 time: 0.0299s
Epoch: 0007 loss_train: 1.7091 acc_train: 0.3929 loss_val: 1.6858 acc_val: 0.3633 time: 0.0361s
Epoch: 0008 loss_train: 1.6598 acc_train: 0.3571 loss_val: 1.6514 acc_val: 0.3733 time: 0.0336s
Epoch: 0009 loss_train: 1.5761 acc_train: 0.4000 loss_val: 1.6229 acc_val: 0.4433 time: 0.0384s
Epoch: 0010 loss_train: 1.5543 acc_train: 0.4071 loss_val: 1.5866 acc_val: 0.4700 time: 0.0436s
Epoch: 0011 loss_train: 1.4590 acc_train: 0.4429 loss_val: 1.5425 acc_val: 0.4667 time: 0.0385s
Epoch: 0012 loss_train: 1.4188 acc_train: 0.4429 loss_val: 1.4897 acc_val: 0.4700 time: 0.0417s
Epoch: 0013 loss_train: 1.4186 acc_train: 0.4786 loss_val: 1.4433 acc_val: 0.4767 time: 0.0403s
Epoch: 0014 loss_train: 1.3599 acc_train: 0.4786 loss_val: 1.4004 acc_val: 0.4967 time: 0.0364s
Epoch: 0015 loss_train: 1.3006 acc_train: 0.5143 loss_val: 1.3601 acc_val: 0.5367 time: 0.0401s
Epoch: 0016 loss_train: 1.2368 acc_train: 0.5286 loss_val: 1.3247 acc_val: 0.5567 time: 0.0369s
Epoch: 0017 loss_train: 1.2038 acc_train: 0.6000 loss_val: 1.2987 acc_val: 0.6033 time: 0.0298s
Epoch: 0018 loss_train: 1.1250 acc_train: 0.6571 loss_val: 1.2704 acc_val: 0.6367 time: 0.0374s
Epoch: 0019 loss_train: 1.0859 acc_train: 0.6714 loss_val: 1.2279 acc_val: 0.6667 time: 0.0312s
Epoch: 0020 loss_train: 1.0973 acc_train: 0.7143 loss_val: 1.1866 acc_val: 0.6633 time: 0.0281s
Epoch: 0021 loss_train: 1.0506 acc_train: 0.7357 loss_val: 1.1503 acc_val: 0.6733 time: 0.0252s
Epoch: 0022 loss_train: 0.9359 acc_train: 0.7643 loss_val: 1.1146 acc_val: 0.6867 time: 0.0356s
Epoch: 0023 loss_train: 1.0070 acc_train: 0.7000 loss_val: 1.0883 acc_val: 0.7133 time: 0.0431s
Epoch: 0024 loss_train: 0.9182 acc_train: 0.7429 loss_val: 1.0707 acc_val: 0.7400 time: 0.0362s
Epoch: 0025 loss_train: 0.9308 acc_train: 0.7571 loss_val: 1.0471 acc_val: 0.7400 time: 0.0304s
Epoch: 0026 loss_train: 0.8754 acc_train: 0.7286 loss_val: 1.0165 acc_val: 0.7433 time: 0.0403s
Epoch: 0027 loss_train: 0.8280 acc_train: 0.7643 loss_val: 0.9962 acc_val: 0.7433 time: 0.0342s
Epoch: 0028 loss_train: 0.7767 acc_train: 0.7929 loss_val: 0.9739 acc_val: 0.7400 time: 0.0372s
Epoch: 0029 loss_train: 0.7652 acc_train: 0.8000 loss_val: 0.9562 acc_val: 0.7500 time: 0.0393s
Epoch: 0030 loss_train: 0.8388 acc_train: 0.7857 loss_val: 0.9331 acc_val: 0.7533 time: 0.0371s
Epoch: 0031 loss_train: 0.7483 acc_train: 0.7500 loss_val: 0.9144 acc_val: 0.7533 time: 0.0332s
Epoch: 0032 loss_train: 0.7297 acc_train: 0.8000 loss_val: 0.8961 acc_val: 0.7633 time: 0.0307s
Epoch: 0033 loss_train: 0.7714 acc_train: 0.7929 loss_val: 0.8862 acc_val: 0.7733 time: 0.0368s
Epoch: 0034 loss_train: 0.7121 acc_train: 0.8429 loss_val: 0.8780 acc_val: 0.7733 time: 0.0321s
Epoch: 0035 loss_train: 0.6950 acc_train: 0.8214 loss_val: 0.8774 acc_val: 0.7567 time: 0.0339s
Epoch: 0036 loss_train: 0.6233 acc_train: 0.8429 loss_val: 0.8695 acc_val: 0.7567 time: 0.0331s
Epoch: 0037 loss_train: 0.7034 acc_train: 0.8143 loss_val: 0.8413 acc_val: 0.7567 time: 0.0372s
Epoch: 0038 loss_train: 0.7057 acc_train: 0.7714 loss_val: 0.8251 acc_val: 0.7500 time: 0.0370s
Epoch: 0039 loss_train: 0.5921 acc_train: 0.8714 loss_val: 0.8226 acc_val: 0.7733 time: 0.0344s
Epoch: 0040 loss_train: 0.6412 acc_train: 0.8286 loss_val: 0.8076 acc_val: 0.7800 time: 0.0397s
Epoch: 0041 loss_train: 0.6605 acc_train: 0.8000 loss_val: 0.7971 acc_val: 0.7533 time: 0.0337s
Epoch: 0042 loss_train: 0.6010 acc_train: 0.8143 loss_val: 0.8128 acc_val: 0.7467 time: 0.0332s
Epoch: 0043 loss_train: 0.5860 acc_train: 0.8286 loss_val: 0.8154 acc_val: 0.7600 time: 0.0371s
Epoch: 0044 loss_train: 0.5961 acc_train: 0.8143 loss_val: 0.8086 acc_val: 0.7767 time: 0.0270s
Epoch: 0045 loss_train: 0.5205 acc_train: 0.8714 loss_val: 0.7992 acc_val: 0.7900 time: 0.0332s
Epoch: 0046 loss_train: 0.5634 acc_train: 0.8857 loss_val: 0.7919 acc_val: 0.7967 time: 0.0326s
Epoch: 0047 loss_train: 0.6022 acc_train: 0.8429 loss_val: 0.7844 acc_val: 0.8033 time: 0.0351s
Epoch: 0048 loss_train: 0.5636 acc_train: 0.8500 loss_val: 0.7842 acc_val: 0.7933 time: 0.0333s
Epoch: 0049 loss_train: 0.5785 acc_train: 0.8714 loss_val: 0.7924 acc_val: 0.7900 time: 0.0346s
Epoch: 0050 loss_train: 0.5098 acc_train: 0.9071 loss_val: 0.7996 acc_val: 0.7733 time: 0.0349s
Epoch: 0051 loss_train: 0.5846 acc_train: 0.8143 loss_val: 0.7784 acc_val: 0.7900 time: 0.0395s
Epoch: 0052 loss_train: 0.5514 acc_train: 0.8643 loss_val: 0.7772 acc_val: 0.7767 time: 0.0343s
Epoch: 0053 loss_train: 0.5164 acc_train: 0.8571 loss_val: 0.7713 acc_val: 0.7833 time: 0.0381s
Epoch: 0054 loss_train: 0.5137 acc_train: 0.8429 loss_val: 0.7723 acc_val: 0.7933 time: 0.0346s
Epoch: 0055 loss_train: 0.5290 acc_train: 0.8786 loss_val: 0.7819 acc_val: 0.7767 time: 0.0302s
Epoch: 0056 loss_train: 0.5886 acc_train: 0.8357 loss_val: 0.8046 acc_val: 0.7567 time: 0.0391s
Epoch: 0057 loss_train: 0.5229 acc_train: 0.8571 loss_val: 0.7982 acc_val: 0.7600 time: 0.0352s
Epoch: 0058 loss_train: 0.5053 acc_train: 0.8429 loss_val: 0.7703 acc_val: 0.7567 time: 0.0347s
Epoch: 0059 loss_train: 0.5614 acc_train: 0.8214 loss_val: 0.7577 acc_val: 0.7767 time: 0.0370s
Epoch: 0060 loss_train: 0.5351 acc_train: 0.8214 loss_val: 0.7645 acc_val: 0.7867 time: 0.0320s
Epoch: 0061 loss_train: 0.5733 acc_train: 0.7857 loss_val: 0.7533 acc_val: 0.7967 time: 0.0353s
Epoch: 0062 loss_train: 0.5770 acc_train: 0.8500 loss_val: 0.7734 acc_val: 0.7600 time: 0.0353s
Epoch: 0063 loss_train: 0.4885 acc_train: 0.8786 loss_val: 0.8188 acc_val: 0.7467 time: 0.0363s
Epoch: 0064 loss_train: 0.6044 acc_train: 0.7929 loss_val: 0.8027 acc_val: 0.7533 time: 0.0374s
Epoch: 0065 loss_train: 0.5881 acc_train: 0.8143 loss_val: 0.7867 acc_val: 0.7767 time: 0.0359s
Epoch: 0066 loss_train: 0.5123 acc_train: 0.8429 loss_val: 0.7586 acc_val: 0.8133 time: 0.0340s
Epoch: 0067 loss_train: 0.5015 acc_train: 0.8714 loss_val: 0.7526 acc_val: 0.8167 time: 0.0319s
Epoch: 0068 loss_train: 0.4878 acc_train: 0.8929 loss_val: 0.7609 acc_val: 0.8133 time: 0.0348s
Epoch: 0069 loss_train: 0.4939 acc_train: 0.8857 loss_val: 0.7531 acc_val: 0.8000 time: 0.0355s
Epoch: 0070 loss_train: 0.5412 acc_train: 0.8714 loss_val: 0.7637 acc_val: 0.8000 time: 0.0469s
Epoch: 0071 loss_train: 0.5387 acc_train: 0.8786 loss_val: 0.7923 acc_val: 0.7567 time: 0.0351s
Epoch: 0072 loss_train: 0.5167 acc_train: 0.8429 loss_val: 0.7959 acc_val: 0.7467 time: 0.0391s
Epoch: 0073 loss_train: 0.5490 acc_train: 0.8214 loss_val: 0.7615 acc_val: 0.7933 time: 0.0350s
Epoch: 0074 loss_train: 0.5369 acc_train: 0.8071 loss_val: 0.7571 acc_val: 0.8033 time: 0.0358s
Epoch: 0075 loss_train: 0.5218 acc_train: 0.8714 loss_val: 0.7710 acc_val: 0.8033 time: 0.0353s
Epoch: 0076 loss_train: 0.4791 acc_train: 0.9143 loss_val: 0.7698 acc_val: 0.7933 time: 0.0324s
Epoch: 0077 loss_train: 0.4486 acc_train: 0.9000 loss_val: 0.7700 acc_val: 0.7967 time: 0.0336s
Epoch: 0078 loss_train: 0.4882 acc_train: 0.8571 loss_val: 0.7783 acc_val: 0.7800 time: 0.0336s
Epoch: 0079 loss_train: 0.3941 acc_train: 0.9071 loss_val: 0.7825 acc_val: 0.7667 time: 0.0365s
Epoch: 0080 loss_train: 0.6010 acc_train: 0.8429 loss_val: 0.7544 acc_val: 0.7900 time: 0.0323s
Epoch: 0081 loss_train: 0.4994 acc_train: 0.8786 loss_val: 0.7426 acc_val: 0.8067 time: 0.0343s
Epoch: 0082 loss_train: 0.5703 acc_train: 0.8357 loss_val: 0.7417 acc_val: 0.8067 time: 0.0334s
Epoch: 0083 loss_train: 0.4465 acc_train: 0.9071 loss_val: 0.7368 acc_val: 0.8133 time: 0.0396s
Epoch: 0084 loss_train: 0.4776 acc_train: 0.8857 loss_val: 0.7276 acc_val: 0.8067 time: 0.0349s
Epoch: 0085 loss_train: 0.4693 acc_train: 0.8714 loss_val: 0.7402 acc_val: 0.7933 time: 0.0369s
Epoch: 0086 loss_train: 0.4740 acc_train: 0.8643 loss_val: 0.7534 acc_val: 0.7933 time: 0.0270s
Epoch: 0087 loss_train: 0.5006 acc_train: 0.8786 loss_val: 0.7564 acc_val: 0.7833 time: 0.0162s
Epoch: 0088 loss_train: 0.5352 acc_train: 0.8357 loss_val: 0.7425 acc_val: 0.8067 time: 0.0140s
Epoch: 0089 loss_train: 0.4590 acc_train: 0.8929 loss_val: 0.7277 acc_val: 0.8067 time: 0.0219s
Epoch: 0090 loss_train: 0.4710 acc_train: 0.9071 loss_val: 0.7276 acc_val: 0.8033 time: 0.0140s
Epoch: 0091 loss_train: 0.4728 acc_train: 0.9143 loss_val: 0.7259 acc_val: 0.8067 time: 0.0140s
Epoch: 0092 loss_train: 0.4696 acc_train: 0.9357 loss_val: 0.7236 acc_val: 0.7967 time: 0.0130s
Epoch: 0093 loss_train: 0.4799 acc_train: 0.8786 loss_val: 0.7393 acc_val: 0.7933 time: 0.0209s
Epoch: 0094 loss_train: 0.4564 acc_train: 0.9214 loss_val: 0.7701 acc_val: 0.7867 time: 0.0160s
Epoch: 0095 loss_train: 0.5443 acc_train: 0.8500 loss_val: 0.7447 acc_val: 0.7933 time: 0.0150s
Epoch: 0096 loss_train: 0.3978 acc_train: 0.8929 loss_val: 0.7287 acc_val: 0.7967 time: 0.0130s
Epoch: 0097 loss_train: 0.4415 acc_train: 0.9071 loss_val: 0.7339 acc_val: 0.8167 time: 0.0090s
Epoch: 0098 loss_train: 0.4852 acc_train: 0.9143 loss_val: 0.7235 acc_val: 0.8133 time: 0.0294s
Epoch: 0099 loss_train: 0.5182 acc_train: 0.9000 loss_val: 0.7125 acc_val: 0.8133 time: 0.0142s
Epoch: 0100 loss_train: 0.4644 acc_train: 0.8857 loss_val: 0.7139 acc_val: 0.8000 time: 0.0312s
Optimization Finished!
Total time elapsed: 3.9371s
Test set results: loss= 0.7432 accuracy= 0.7960
