Loading cora dataset...
Epoch: 0001 loss_train: 3.4834 acc_train: 0.0000 loss_val: 3.4811 acc_val: 0.0000 time: 0.7399s
Epoch: 0002 loss_train: 3.4796 acc_train: 0.0000 loss_val: 3.4769 acc_val: 0.0000 time: 0.0130s
Epoch: 0003 loss_train: 3.4760 acc_train: 0.0000 loss_val: 3.4726 acc_val: 0.0000 time: 0.0189s
Epoch: 0004 loss_train: 3.4719 acc_train: 0.0000 loss_val: 3.4684 acc_val: 0.0000 time: 0.0170s
Epoch: 0005 loss_train: 3.4674 acc_train: 0.0000 loss_val: 3.4641 acc_val: 0.0000 time: 0.0150s
Epoch: 0006 loss_train: 3.4621 acc_train: 0.0000 loss_val: 3.4599 acc_val: 0.0000 time: 0.0209s
Epoch: 0007 loss_train: 3.4619 acc_train: 0.0000 loss_val: 3.4556 acc_val: 0.0000 time: 0.0362s
Epoch: 0008 loss_train: 3.4552 acc_train: 0.0000 loss_val: 3.4513 acc_val: 0.0000 time: 0.0159s
Epoch: 0009 loss_train: 3.4528 acc_train: 0.0000 loss_val: 3.4470 acc_val: 0.0000 time: 0.0253s
Epoch: 0010 loss_train: 3.4463 acc_train: 0.0000 loss_val: 3.4427 acc_val: 0.0000 time: 0.0140s
Epoch: 0011 loss_train: 3.4421 acc_train: 0.0000 loss_val: 3.4384 acc_val: 0.0000 time: 0.0359s
Epoch: 0012 loss_train: 3.4366 acc_train: 0.0000 loss_val: 3.4340 acc_val: 0.0000 time: 0.0239s
Epoch: 0013 loss_train: 3.4366 acc_train: 0.0071 loss_val: 3.4296 acc_val: 0.0000 time: 0.0353s
Epoch: 0014 loss_train: 3.4275 acc_train: 0.0286 loss_val: 3.4252 acc_val: 0.0000 time: 0.0295s
Epoch: 0015 loss_train: 3.4227 acc_train: 0.0571 loss_val: 3.4207 acc_val: 0.0033 time: 0.0362s
Epoch: 0016 loss_train: 3.4196 acc_train: 0.0571 loss_val: 3.4162 acc_val: 0.0467 time: 0.0337s
Epoch: 0017 loss_train: 3.4149 acc_train: 0.0929 loss_val: 3.4116 acc_val: 0.0633 time: 0.0350s
Epoch: 0018 loss_train: 3.4151 acc_train: 0.0500 loss_val: 3.4070 acc_val: 0.1267 time: 0.0367s
Epoch: 0019 loss_train: 3.4073 acc_train: 0.1357 loss_val: 3.4023 acc_val: 0.1533 time: 0.0428s
Epoch: 0020 loss_train: 3.4005 acc_train: 0.1143 loss_val: 3.3975 acc_val: 0.1567 time: 0.0255s
Epoch: 0021 loss_train: 3.3979 acc_train: 0.1857 loss_val: 3.3927 acc_val: 0.1567 time: 0.0060s
Epoch: 0022 loss_train: 3.3905 acc_train: 0.2000 loss_val: 3.3877 acc_val: 0.1567 time: 0.0120s
Epoch: 0023 loss_train: 3.3836 acc_train: 0.2214 loss_val: 3.3827 acc_val: 0.1567 time: 0.0273s
Epoch: 0024 loss_train: 3.3851 acc_train: 0.1857 loss_val: 3.3777 acc_val: 0.1567 time: 0.0328s
Epoch: 0025 loss_train: 3.3780 acc_train: 0.2143 loss_val: 3.3725 acc_val: 0.1567 time: 0.0310s
Epoch: 0026 loss_train: 3.3768 acc_train: 0.1714 loss_val: 3.3673 acc_val: 0.1567 time: 0.0383s
Epoch: 0027 loss_train: 3.3682 acc_train: 0.2214 loss_val: 3.3620 acc_val: 0.1600 time: 0.0306s
Epoch: 0028 loss_train: 3.3600 acc_train: 0.2500 loss_val: 3.3566 acc_val: 0.1600 time: 0.0356s
Epoch: 0029 loss_train: 3.3541 acc_train: 0.2857 loss_val: 3.3512 acc_val: 0.1633 time: 0.0246s
Epoch: 0030 loss_train: 3.3476 acc_train: 0.2857 loss_val: 3.3456 acc_val: 0.1700 time: 0.0149s
Epoch: 0031 loss_train: 3.3467 acc_train: 0.2643 loss_val: 3.3400 acc_val: 0.1833 time: 0.0239s
Epoch: 0032 loss_train: 3.3417 acc_train: 0.2643 loss_val: 3.3342 acc_val: 0.1867 time: 0.0351s
Epoch: 0033 loss_train: 3.3363 acc_train: 0.2500 loss_val: 3.3284 acc_val: 0.1967 time: 0.0358s
Epoch: 0034 loss_train: 3.3306 acc_train: 0.2857 loss_val: 3.3225 acc_val: 0.2000 time: 0.0390s
Epoch: 0035 loss_train: 3.3140 acc_train: 0.3071 loss_val: 3.3165 acc_val: 0.2067 time: 0.0326s
Epoch: 0036 loss_train: 3.3165 acc_train: 0.1929 loss_val: 3.3103 acc_val: 0.2167 time: 0.0114s
Epoch: 0037 loss_train: 3.3044 acc_train: 0.2929 loss_val: 3.3041 acc_val: 0.2433 time: 0.0133s
Epoch: 0038 loss_train: 3.3086 acc_train: 0.2000 loss_val: 3.2977 acc_val: 0.2567 time: 0.0389s
Epoch: 0039 loss_train: 3.2985 acc_train: 0.2357 loss_val: 3.2912 acc_val: 0.2733 time: 0.0260s
Epoch: 0040 loss_train: 3.2867 acc_train: 0.3071 loss_val: 3.2847 acc_val: 0.2867 time: 0.0243s
Epoch: 0041 loss_train: 3.2857 acc_train: 0.2857 loss_val: 3.2780 acc_val: 0.2967 time: 0.0249s
Epoch: 0042 loss_train: 3.2764 acc_train: 0.2786 loss_val: 3.2712 acc_val: 0.3100 time: 0.0135s
Epoch: 0043 loss_train: 3.2754 acc_train: 0.2786 loss_val: 3.2643 acc_val: 0.3333 time: 0.0332s
Epoch: 0044 loss_train: 3.2607 acc_train: 0.3071 loss_val: 3.2573 acc_val: 0.3467 time: 0.0199s
Epoch: 0045 loss_train: 3.2522 acc_train: 0.3571 loss_val: 3.2501 acc_val: 0.3700 time: 0.0184s
Epoch: 0046 loss_train: 3.2497 acc_train: 0.2214 loss_val: 3.2429 acc_val: 0.3733 time: 0.0237s
Epoch: 0047 loss_train: 3.2447 acc_train: 0.2714 loss_val: 3.2355 acc_val: 0.3800 time: 0.0256s
Epoch: 0048 loss_train: 3.2337 acc_train: 0.2571 loss_val: 3.2280 acc_val: 0.3900 time: 0.0359s
Epoch: 0049 loss_train: 3.2245 acc_train: 0.2286 loss_val: 3.2204 acc_val: 0.4000 time: 0.0194s
Epoch: 0050 loss_train: 3.2202 acc_train: 0.2786 loss_val: 3.2127 acc_val: 0.4167 time: 0.0111s
Epoch: 0051 loss_train: 3.2151 acc_train: 0.2714 loss_val: 3.2048 acc_val: 0.4233 time: 0.0171s
Epoch: 0052 loss_train: 3.2124 acc_train: 0.2071 loss_val: 3.1969 acc_val: 0.4267 time: 0.0289s
Epoch: 0053 loss_train: 3.2002 acc_train: 0.2500 loss_val: 3.1888 acc_val: 0.4300 time: 0.0248s
Epoch: 0054 loss_train: 3.1898 acc_train: 0.2643 loss_val: 3.1806 acc_val: 0.4333 time: 0.0070s
Epoch: 0055 loss_train: 3.1798 acc_train: 0.3143 loss_val: 3.1723 acc_val: 0.4300 time: 0.0080s
Epoch: 0056 loss_train: 3.1731 acc_train: 0.2643 loss_val: 3.1639 acc_val: 0.4400 time: 0.0359s
Epoch: 0057 loss_train: 3.1580 acc_train: 0.3143 loss_val: 3.1553 acc_val: 0.4400 time: 0.0150s
Epoch: 0058 loss_train: 3.1605 acc_train: 0.2071 loss_val: 3.1466 acc_val: 0.4400 time: 0.0224s
Epoch: 0059 loss_train: 3.1413 acc_train: 0.2286 loss_val: 3.1378 acc_val: 0.4333 time: 0.0100s
Epoch: 0060 loss_train: 3.1255 acc_train: 0.3143 loss_val: 3.1288 acc_val: 0.4333 time: 0.0239s
Epoch: 0061 loss_train: 3.1322 acc_train: 0.2857 loss_val: 3.1197 acc_val: 0.4333 time: 0.0239s
Epoch: 0062 loss_train: 3.1220 acc_train: 0.2500 loss_val: 3.1105 acc_val: 0.4367 time: 0.0209s
Epoch: 0063 loss_train: 3.1121 acc_train: 0.1929 loss_val: 3.1011 acc_val: 0.4400 time: 0.0199s
Epoch: 0064 loss_train: 3.1013 acc_train: 0.2929 loss_val: 3.0917 acc_val: 0.4400 time: 0.0180s
Epoch: 0065 loss_train: 3.0992 acc_train: 0.2500 loss_val: 3.0821 acc_val: 0.4400 time: 0.0269s
Epoch: 0066 loss_train: 3.0746 acc_train: 0.3000 loss_val: 3.0724 acc_val: 0.4400 time: 0.0258s
Epoch: 0067 loss_train: 3.0580 acc_train: 0.3214 loss_val: 3.0625 acc_val: 0.4400 time: 0.0190s
Epoch: 0068 loss_train: 3.0680 acc_train: 0.2143 loss_val: 3.0526 acc_val: 0.4433 time: 0.0322s
Epoch: 0069 loss_train: 3.0512 acc_train: 0.2571 loss_val: 3.0425 acc_val: 0.4433 time: 0.0250s
Epoch: 0070 loss_train: 3.0357 acc_train: 0.2714 loss_val: 3.0324 acc_val: 0.4433 time: 0.0160s
Epoch: 0071 loss_train: 3.0330 acc_train: 0.2500 loss_val: 3.0221 acc_val: 0.4433 time: 0.0229s
Epoch: 0072 loss_train: 3.0118 acc_train: 0.3000 loss_val: 3.0117 acc_val: 0.4367 time: 0.0333s
Epoch: 0073 loss_train: 3.0076 acc_train: 0.2714 loss_val: 3.0012 acc_val: 0.4300 time: 0.0250s
Epoch: 0074 loss_train: 2.9938 acc_train: 0.2786 loss_val: 2.9906 acc_val: 0.4300 time: 0.0369s
Epoch: 0075 loss_train: 2.9862 acc_train: 0.2143 loss_val: 2.9799 acc_val: 0.4333 time: 0.0350s
Epoch: 0076 loss_train: 2.9759 acc_train: 0.3429 loss_val: 2.9691 acc_val: 0.4267 time: 0.0170s
Epoch: 0077 loss_train: 2.9596 acc_train: 0.2357 loss_val: 2.9582 acc_val: 0.4233 time: 0.0163s
Epoch: 0078 loss_train: 2.9551 acc_train: 0.3214 loss_val: 2.9472 acc_val: 0.4233 time: 0.0243s
Epoch: 0079 loss_train: 2.9243 acc_train: 0.2786 loss_val: 2.9362 acc_val: 0.4233 time: 0.0229s
Epoch: 0080 loss_train: 2.9445 acc_train: 0.2143 loss_val: 2.9250 acc_val: 0.4267 time: 0.0394s
Epoch: 0081 loss_train: 2.9123 acc_train: 0.2571 loss_val: 2.9138 acc_val: 0.4267 time: 0.0280s
Epoch: 0082 loss_train: 2.9184 acc_train: 0.2714 loss_val: 2.9025 acc_val: 0.4267 time: 0.0231s
Epoch: 0083 loss_train: 2.9027 acc_train: 0.2357 loss_val: 2.8912 acc_val: 0.4267 time: 0.0383s
Epoch: 0084 loss_train: 2.8872 acc_train: 0.2214 loss_val: 2.8798 acc_val: 0.4267 time: 0.0368s
Epoch: 0085 loss_train: 2.8638 acc_train: 0.2714 loss_val: 2.8683 acc_val: 0.4267 time: 0.0333s
Epoch: 0086 loss_train: 2.8751 acc_train: 0.2429 loss_val: 2.8567 acc_val: 0.4267 time: 0.0161s
Epoch: 0087 loss_train: 2.8592 acc_train: 0.2929 loss_val: 2.8451 acc_val: 0.4233 time: 0.0239s
Epoch: 0088 loss_train: 2.8488 acc_train: 0.2429 loss_val: 2.8335 acc_val: 0.4267 time: 0.0362s
Epoch: 0089 loss_train: 2.8080 acc_train: 0.2929 loss_val: 2.8218 acc_val: 0.4267 time: 0.0283s
Epoch: 0090 loss_train: 2.8268 acc_train: 0.2214 loss_val: 2.8101 acc_val: 0.4267 time: 0.0150s
Epoch: 0091 loss_train: 2.8156 acc_train: 0.2571 loss_val: 2.7983 acc_val: 0.4267 time: 0.0269s
Epoch: 0092 loss_train: 2.7832 acc_train: 0.2714 loss_val: 2.7865 acc_val: 0.4300 time: 0.0300s
Epoch: 0093 loss_train: 2.7881 acc_train: 0.2214 loss_val: 2.7747 acc_val: 0.4333 time: 0.0298s
Epoch: 0094 loss_train: 2.7783 acc_train: 0.2071 loss_val: 2.7628 acc_val: 0.4300 time: 0.0287s
Epoch: 0095 loss_train: 2.7541 acc_train: 0.2643 loss_val: 2.7509 acc_val: 0.4267 time: 0.0280s
Epoch: 0096 loss_train: 2.7574 acc_train: 0.2286 loss_val: 2.7390 acc_val: 0.4300 time: 0.0177s
Epoch: 0097 loss_train: 2.7280 acc_train: 0.3143 loss_val: 2.7271 acc_val: 0.4300 time: 0.0149s
Epoch: 0098 loss_train: 2.7110 acc_train: 0.2643 loss_val: 2.7152 acc_val: 0.4300 time: 0.0259s
Epoch: 0099 loss_train: 2.7302 acc_train: 0.2143 loss_val: 2.7033 acc_val: 0.4300 time: 0.0359s
Epoch: 0100 loss_train: 2.7097 acc_train: 0.2357 loss_val: 2.6914 acc_val: 0.4367 time: 0.0367s
Epoch: 0101 loss_train: 2.6798 acc_train: 0.2286 loss_val: 2.6794 acc_val: 0.4400 time: 0.0306s
Epoch: 0102 loss_train: 2.6812 acc_train: 0.2643 loss_val: 2.6675 acc_val: 0.4400 time: 0.0377s
Epoch: 0103 loss_train: 2.6707 acc_train: 0.1429 loss_val: 2.6556 acc_val: 0.4400 time: 0.0324s
Epoch: 0104 loss_train: 2.6524 acc_train: 0.3000 loss_val: 2.6438 acc_val: 0.4433 time: 0.0335s
Epoch: 0105 loss_train: 2.6496 acc_train: 0.1929 loss_val: 2.6319 acc_val: 0.4467 time: 0.0367s
Epoch: 0106 loss_train: 2.6271 acc_train: 0.2929 loss_val: 2.6201 acc_val: 0.4467 time: 0.0328s
Epoch: 0107 loss_train: 2.6011 acc_train: 0.2929 loss_val: 2.6083 acc_val: 0.4500 time: 0.0354s
Epoch: 0108 loss_train: 2.6032 acc_train: 0.1714 loss_val: 2.5965 acc_val: 0.4500 time: 0.0363s
Epoch: 0109 loss_train: 2.5881 acc_train: 0.2429 loss_val: 2.5848 acc_val: 0.4533 time: 0.0387s
Epoch: 0110 loss_train: 2.5892 acc_train: 0.2929 loss_val: 2.5731 acc_val: 0.4533 time: 0.0338s
Epoch: 0111 loss_train: 2.5656 acc_train: 0.2714 loss_val: 2.5614 acc_val: 0.4533 time: 0.0280s
Epoch: 0112 loss_train: 2.5516 acc_train: 0.2429 loss_val: 2.5498 acc_val: 0.4533 time: 0.0153s
Epoch: 0113 loss_train: 2.5281 acc_train: 0.3286 loss_val: 2.5382 acc_val: 0.4533 time: 0.0249s
Epoch: 0114 loss_train: 2.5561 acc_train: 0.2643 loss_val: 2.5267 acc_val: 0.4533 time: 0.0314s
Epoch: 0115 loss_train: 2.5387 acc_train: 0.3000 loss_val: 2.5153 acc_val: 0.4533 time: 0.0324s
Epoch: 0116 loss_train: 2.5098 acc_train: 0.2357 loss_val: 2.5039 acc_val: 0.4533 time: 0.0389s
Epoch: 0117 loss_train: 2.5094 acc_train: 0.2571 loss_val: 2.4926 acc_val: 0.4533 time: 0.0133s
Epoch: 0118 loss_train: 2.4829 acc_train: 0.3357 loss_val: 2.4814 acc_val: 0.4533 time: 0.0184s
Epoch: 0119 loss_train: 2.4739 acc_train: 0.2643 loss_val: 2.4703 acc_val: 0.4533 time: 0.0259s
Epoch: 0120 loss_train: 2.4894 acc_train: 0.2286 loss_val: 2.4592 acc_val: 0.4533 time: 0.0229s
Epoch: 0121 loss_train: 2.4641 acc_train: 0.2857 loss_val: 2.4483 acc_val: 0.4533 time: 0.0249s
Epoch: 0122 loss_train: 2.4313 acc_train: 0.2643 loss_val: 2.4374 acc_val: 0.4533 time: 0.0249s
Epoch: 0123 loss_train: 2.4492 acc_train: 0.2286 loss_val: 2.4266 acc_val: 0.4533 time: 0.0219s
Epoch: 0124 loss_train: 2.4274 acc_train: 0.2786 loss_val: 2.4159 acc_val: 0.4533 time: 0.0249s
Epoch: 0125 loss_train: 2.4118 acc_train: 0.2714 loss_val: 2.4053 acc_val: 0.4533 time: 0.0279s
Epoch: 0126 loss_train: 2.4030 acc_train: 0.2571 loss_val: 2.3949 acc_val: 0.4533 time: 0.0269s
Epoch: 0127 loss_train: 2.3782 acc_train: 0.3143 loss_val: 2.3845 acc_val: 0.4533 time: 0.0170s
Epoch: 0128 loss_train: 2.3665 acc_train: 0.3857 loss_val: 2.3742 acc_val: 0.4533 time: 0.0349s
Epoch: 0129 loss_train: 2.3612 acc_train: 0.3500 loss_val: 2.3640 acc_val: 0.4567 time: 0.0309s
Epoch: 0130 loss_train: 2.3541 acc_train: 0.3214 loss_val: 2.3540 acc_val: 0.4533 time: 0.0259s
Epoch: 0131 loss_train: 2.3513 acc_train: 0.2929 loss_val: 2.3440 acc_val: 0.4533 time: 0.0299s
Epoch: 0132 loss_train: 2.3472 acc_train: 0.2143 loss_val: 2.3342 acc_val: 0.4467 time: 0.0199s
Epoch: 0133 loss_train: 2.3191 acc_train: 0.3357 loss_val: 2.3245 acc_val: 0.4467 time: 0.0239s
Epoch: 0134 loss_train: 2.2916 acc_train: 0.3214 loss_val: 2.3149 acc_val: 0.4400 time: 0.0249s
Epoch: 0135 loss_train: 2.2997 acc_train: 0.3214 loss_val: 2.3054 acc_val: 0.4300 time: 0.0249s
Epoch: 0136 loss_train: 2.2775 acc_train: 0.3643 loss_val: 2.2960 acc_val: 0.4300 time: 0.0229s
Epoch: 0137 loss_train: 2.2740 acc_train: 0.2714 loss_val: 2.2868 acc_val: 0.4233 time: 0.0269s
Epoch: 0138 loss_train: 2.3062 acc_train: 0.2500 loss_val: 2.2776 acc_val: 0.4233 time: 0.0279s
Epoch: 0139 loss_train: 2.2821 acc_train: 0.2357 loss_val: 2.2687 acc_val: 0.4233 time: 0.0319s
Epoch: 0140 loss_train: 2.2595 acc_train: 0.2786 loss_val: 2.2599 acc_val: 0.4233 time: 0.0225s
Epoch: 0141 loss_train: 2.2368 acc_train: 0.2786 loss_val: 2.2512 acc_val: 0.4167 time: 0.0283s
Epoch: 0142 loss_train: 2.2307 acc_train: 0.2786 loss_val: 2.2426 acc_val: 0.4133 time: 0.0233s
Epoch: 0143 loss_train: 2.2476 acc_train: 0.3500 loss_val: 2.2342 acc_val: 0.4133 time: 0.0249s
Epoch: 0144 loss_train: 2.2445 acc_train: 0.3214 loss_val: 2.2259 acc_val: 0.4100 time: 0.0259s
Epoch: 0145 loss_train: 2.2096 acc_train: 0.3000 loss_val: 2.2177 acc_val: 0.4067 time: 0.0269s
Epoch: 0146 loss_train: 2.2159 acc_train: 0.2714 loss_val: 2.2097 acc_val: 0.4067 time: 0.0299s
Epoch: 0147 loss_train: 2.1937 acc_train: 0.3286 loss_val: 2.2018 acc_val: 0.4033 time: 0.0239s
Epoch: 0148 loss_train: 2.2082 acc_train: 0.3000 loss_val: 2.1940 acc_val: 0.4000 time: 0.0249s
Epoch: 0149 loss_train: 2.1925 acc_train: 0.2143 loss_val: 2.1864 acc_val: 0.3967 time: 0.0249s
Epoch: 0150 loss_train: 2.1825 acc_train: 0.3071 loss_val: 2.1789 acc_val: 0.3900 time: 0.0239s
Epoch: 0151 loss_train: 2.1927 acc_train: 0.2357 loss_val: 2.1715 acc_val: 0.3900 time: 0.0259s
Epoch: 0152 loss_train: 2.1753 acc_train: 0.3571 loss_val: 2.1642 acc_val: 0.3867 time: 0.0239s
Epoch: 0153 loss_train: 2.1588 acc_train: 0.3571 loss_val: 2.1571 acc_val: 0.3833 time: 0.0160s
Epoch: 0154 loss_train: 2.1683 acc_train: 0.2714 loss_val: 2.1501 acc_val: 0.3767 time: 0.0170s
Epoch: 0155 loss_train: 2.1449 acc_train: 0.2857 loss_val: 2.1432 acc_val: 0.3767 time: 0.0189s
Epoch: 0156 loss_train: 2.1597 acc_train: 0.2786 loss_val: 2.1364 acc_val: 0.3733 time: 0.0150s
Epoch: 0157 loss_train: 2.1466 acc_train: 0.3143 loss_val: 2.1298 acc_val: 0.3733 time: 0.0100s
Epoch: 0158 loss_train: 2.1213 acc_train: 0.2571 loss_val: 2.1232 acc_val: 0.3667 time: 0.0229s
Epoch: 0159 loss_train: 2.1118 acc_train: 0.2357 loss_val: 2.1168 acc_val: 0.3633 time: 0.0160s
Epoch: 0160 loss_train: 2.1107 acc_train: 0.3071 loss_val: 2.1106 acc_val: 0.3600 time: 0.0165s
Epoch: 0161 loss_train: 2.1050 acc_train: 0.2786 loss_val: 2.1044 acc_val: 0.3533 time: 0.0170s
Epoch: 0162 loss_train: 2.1251 acc_train: 0.2071 loss_val: 2.0984 acc_val: 0.3533 time: 0.0170s
Epoch: 0163 loss_train: 2.0904 acc_train: 0.2643 loss_val: 2.0925 acc_val: 0.3533 time: 0.0229s
Epoch: 0164 loss_train: 2.0785 acc_train: 0.3000 loss_val: 2.0866 acc_val: 0.3500 time: 0.0189s
Epoch: 0165 loss_train: 2.0739 acc_train: 0.3429 loss_val: 2.0809 acc_val: 0.3500 time: 0.0189s
Epoch: 0166 loss_train: 2.0922 acc_train: 0.2929 loss_val: 2.0753 acc_val: 0.3500 time: 0.0180s
Epoch: 0167 loss_train: 2.0689 acc_train: 0.3429 loss_val: 2.0698 acc_val: 0.3500 time: 0.0239s
Epoch: 0168 loss_train: 2.0651 acc_train: 0.2786 loss_val: 2.0645 acc_val: 0.3500 time: 0.0269s
Epoch: 0169 loss_train: 2.0555 acc_train: 0.2929 loss_val: 2.0592 acc_val: 0.3500 time: 0.0150s
Epoch: 0170 loss_train: 2.0440 acc_train: 0.2786 loss_val: 2.0541 acc_val: 0.3500 time: 0.0180s
Epoch: 0171 loss_train: 2.0289 acc_train: 0.2714 loss_val: 2.0490 acc_val: 0.3500 time: 0.0170s
Epoch: 0172 loss_train: 2.0407 acc_train: 0.2929 loss_val: 2.0441 acc_val: 0.3500 time: 0.0249s
Epoch: 0173 loss_train: 2.0086 acc_train: 0.3643 loss_val: 2.0392 acc_val: 0.3500 time: 0.0259s
Epoch: 0174 loss_train: 2.0453 acc_train: 0.3071 loss_val: 2.0345 acc_val: 0.3500 time: 0.0229s
Epoch: 0175 loss_train: 2.0353 acc_train: 0.2643 loss_val: 2.0298 acc_val: 0.3500 time: 0.0229s
Epoch: 0176 loss_train: 2.0467 acc_train: 0.2571 loss_val: 2.0252 acc_val: 0.3500 time: 0.0259s
Epoch: 0177 loss_train: 2.0229 acc_train: 0.2929 loss_val: 2.0207 acc_val: 0.3500 time: 0.0249s
Epoch: 0178 loss_train: 2.0438 acc_train: 0.2286 loss_val: 2.0164 acc_val: 0.3500 time: 0.0269s
Epoch: 0179 loss_train: 2.0280 acc_train: 0.2429 loss_val: 2.0121 acc_val: 0.3500 time: 0.0239s
Epoch: 0180 loss_train: 1.9821 acc_train: 0.3429 loss_val: 2.0080 acc_val: 0.3500 time: 0.0249s
Epoch: 0181 loss_train: 2.0027 acc_train: 0.3357 loss_val: 2.0039 acc_val: 0.3500 time: 0.0259s
Epoch: 0182 loss_train: 2.0185 acc_train: 0.2929 loss_val: 1.9999 acc_val: 0.3500 time: 0.0229s
Epoch: 0183 loss_train: 2.0044 acc_train: 0.2429 loss_val: 1.9960 acc_val: 0.3500 time: 0.0309s
Epoch: 0184 loss_train: 2.0277 acc_train: 0.2929 loss_val: 1.9922 acc_val: 0.3500 time: 0.0170s
Epoch: 0185 loss_train: 1.9904 acc_train: 0.3143 loss_val: 1.9884 acc_val: 0.3500 time: 0.0279s
Epoch: 0186 loss_train: 1.9750 acc_train: 0.3429 loss_val: 1.9848 acc_val: 0.3500 time: 0.0279s
Epoch: 0187 loss_train: 1.9739 acc_train: 0.3071 loss_val: 1.9812 acc_val: 0.3500 time: 0.0155s
Epoch: 0188 loss_train: 1.9715 acc_train: 0.3000 loss_val: 1.9776 acc_val: 0.3500 time: 0.0259s
Epoch: 0189 loss_train: 1.9780 acc_train: 0.2929 loss_val: 1.9742 acc_val: 0.3500 time: 0.0269s
Epoch: 0190 loss_train: 1.9881 acc_train: 0.2929 loss_val: 1.9708 acc_val: 0.3500 time: 0.0180s
Epoch: 0191 loss_train: 1.9841 acc_train: 0.3071 loss_val: 1.9674 acc_val: 0.3500 time: 0.0180s
Epoch: 0192 loss_train: 1.9632 acc_train: 0.2929 loss_val: 1.9641 acc_val: 0.3500 time: 0.0160s
Epoch: 0193 loss_train: 1.9556 acc_train: 0.3071 loss_val: 1.9609 acc_val: 0.3500 time: 0.0140s
Epoch: 0194 loss_train: 1.9319 acc_train: 0.3071 loss_val: 1.9578 acc_val: 0.3500 time: 0.0140s
Epoch: 0195 loss_train: 1.9486 acc_train: 0.3000 loss_val: 1.9547 acc_val: 0.3500 time: 0.0180s
Epoch: 0196 loss_train: 1.9594 acc_train: 0.2786 loss_val: 1.9516 acc_val: 0.3500 time: 0.0140s
Epoch: 0197 loss_train: 1.9431 acc_train: 0.3000 loss_val: 1.9486 acc_val: 0.3500 time: 0.0170s
Epoch: 0198 loss_train: 1.9244 acc_train: 0.3071 loss_val: 1.9457 acc_val: 0.3500 time: 0.0150s
Epoch: 0199 loss_train: 1.9355 acc_train: 0.3071 loss_val: 1.9429 acc_val: 0.3500 time: 0.0160s
Epoch: 0200 loss_train: 1.9487 acc_train: 0.2571 loss_val: 1.9401 acc_val: 0.3500 time: 0.0319s
Epoch: 0201 loss_train: 1.9314 acc_train: 0.2786 loss_val: 1.9373 acc_val: 0.3500 time: 0.0189s
Epoch: 0202 loss_train: 1.9447 acc_train: 0.2571 loss_val: 1.9346 acc_val: 0.3500 time: 0.0239s
Epoch: 0203 loss_train: 1.9509 acc_train: 0.2643 loss_val: 1.9320 acc_val: 0.3500 time: 0.0249s
Epoch: 0204 loss_train: 1.9490 acc_train: 0.2857 loss_val: 1.9295 acc_val: 0.3500 time: 0.0219s
Epoch: 0205 loss_train: 1.9316 acc_train: 0.3000 loss_val: 1.9269 acc_val: 0.3500 time: 0.0249s
Epoch: 0206 loss_train: 1.9283 acc_train: 0.2929 loss_val: 1.9245 acc_val: 0.3500 time: 0.0269s
Epoch: 0207 loss_train: 1.9264 acc_train: 0.3214 loss_val: 1.9220 acc_val: 0.3500 time: 0.0209s
Epoch: 0208 loss_train: 1.9183 acc_train: 0.2643 loss_val: 1.9196 acc_val: 0.3500 time: 0.0229s
Epoch: 0209 loss_train: 1.9290 acc_train: 0.3214 loss_val: 1.9173 acc_val: 0.3500 time: 0.0249s
Epoch: 0210 loss_train: 1.9156 acc_train: 0.2786 loss_val: 1.9150 acc_val: 0.3500 time: 0.0189s
Epoch: 0211 loss_train: 1.9261 acc_train: 0.2929 loss_val: 1.9127 acc_val: 0.3500 time: 0.0329s
Epoch: 0212 loss_train: 1.9357 acc_train: 0.2857 loss_val: 1.9105 acc_val: 0.3500 time: 0.0170s
Epoch: 0213 loss_train: 1.9408 acc_train: 0.2786 loss_val: 1.9084 acc_val: 0.3500 time: 0.0239s
Epoch: 0214 loss_train: 1.9153 acc_train: 0.3000 loss_val: 1.9062 acc_val: 0.3500 time: 0.0299s
Epoch: 0215 loss_train: 1.8756 acc_train: 0.3071 loss_val: 1.9041 acc_val: 0.3500 time: 0.0249s
Epoch: 0216 loss_train: 1.9035 acc_train: 0.2857 loss_val: 1.9021 acc_val: 0.3500 time: 0.0170s
Epoch: 0217 loss_train: 1.9004 acc_train: 0.2786 loss_val: 1.9001 acc_val: 0.3500 time: 0.0189s
Epoch: 0218 loss_train: 1.9152 acc_train: 0.3071 loss_val: 1.8981 acc_val: 0.3500 time: 0.0259s
Epoch: 0219 loss_train: 1.9095 acc_train: 0.2857 loss_val: 1.8962 acc_val: 0.3500 time: 0.0259s
Epoch: 0220 loss_train: 1.9005 acc_train: 0.2929 loss_val: 1.8943 acc_val: 0.3500 time: 0.0239s
Epoch: 0221 loss_train: 1.9092 acc_train: 0.2929 loss_val: 1.8925 acc_val: 0.3500 time: 0.0299s
Epoch: 0222 loss_train: 1.8948 acc_train: 0.2571 loss_val: 1.8906 acc_val: 0.3500 time: 0.0259s
Epoch: 0223 loss_train: 1.9033 acc_train: 0.2857 loss_val: 1.8889 acc_val: 0.3500 time: 0.0294s
Epoch: 0224 loss_train: 1.8723 acc_train: 0.2857 loss_val: 1.8871 acc_val: 0.3500 time: 0.0274s
Epoch: 0225 loss_train: 1.8710 acc_train: 0.3071 loss_val: 1.8854 acc_val: 0.3500 time: 0.0329s
Epoch: 0226 loss_train: 1.8688 acc_train: 0.3071 loss_val: 1.8837 acc_val: 0.3500 time: 0.0326s
Epoch: 0227 loss_train: 1.8949 acc_train: 0.3214 loss_val: 1.8820 acc_val: 0.3500 time: 0.0278s
Epoch: 0228 loss_train: 1.8955 acc_train: 0.3143 loss_val: 1.8804 acc_val: 0.3500 time: 0.0154s
Epoch: 0229 loss_train: 1.8675 acc_train: 0.2857 loss_val: 1.8787 acc_val: 0.3500 time: 0.0347s
Epoch: 0230 loss_train: 1.8644 acc_train: 0.3214 loss_val: 1.8771 acc_val: 0.3500 time: 0.0244s
Epoch: 0231 loss_train: 1.8677 acc_train: 0.2929 loss_val: 1.8755 acc_val: 0.3500 time: 0.0329s
Epoch: 0232 loss_train: 1.8794 acc_train: 0.3000 loss_val: 1.8739 acc_val: 0.3500 time: 0.0189s
Epoch: 0233 loss_train: 1.8750 acc_train: 0.2929 loss_val: 1.8724 acc_val: 0.3500 time: 0.0180s
Epoch: 0234 loss_train: 1.9086 acc_train: 0.2929 loss_val: 1.8709 acc_val: 0.3500 time: 0.0269s
Epoch: 0235 loss_train: 1.8739 acc_train: 0.2929 loss_val: 1.8694 acc_val: 0.3500 time: 0.0319s
Epoch: 0236 loss_train: 1.8500 acc_train: 0.2929 loss_val: 1.8679 acc_val: 0.3500 time: 0.0249s
Epoch: 0237 loss_train: 1.8574 acc_train: 0.3143 loss_val: 1.8664 acc_val: 0.3500 time: 0.0249s
Epoch: 0238 loss_train: 1.8646 acc_train: 0.2929 loss_val: 1.8650 acc_val: 0.3500 time: 0.0160s
Epoch: 0239 loss_train: 1.8561 acc_train: 0.3071 loss_val: 1.8636 acc_val: 0.3500 time: 0.0269s
Epoch: 0240 loss_train: 1.8746 acc_train: 0.3000 loss_val: 1.8622 acc_val: 0.3500 time: 0.0180s
Epoch: 0241 loss_train: 1.8663 acc_train: 0.2857 loss_val: 1.8608 acc_val: 0.3500 time: 0.0209s
Epoch: 0242 loss_train: 1.8731 acc_train: 0.3143 loss_val: 1.8594 acc_val: 0.3500 time: 0.0209s
Epoch: 0243 loss_train: 1.8580 acc_train: 0.3143 loss_val: 1.8580 acc_val: 0.3500 time: 0.0160s
Epoch: 0244 loss_train: 1.8547 acc_train: 0.2786 loss_val: 1.8567 acc_val: 0.3500 time: 0.0229s
Epoch: 0245 loss_train: 1.8578 acc_train: 0.2929 loss_val: 1.8553 acc_val: 0.3500 time: 0.0180s
Epoch: 0246 loss_train: 1.8527 acc_train: 0.2929 loss_val: 1.8540 acc_val: 0.3500 time: 0.0269s
Epoch: 0247 loss_train: 1.8575 acc_train: 0.2929 loss_val: 1.8526 acc_val: 0.3500 time: 0.0239s
Epoch: 0248 loss_train: 1.8662 acc_train: 0.2786 loss_val: 1.8513 acc_val: 0.3500 time: 0.0225s
Epoch: 0249 loss_train: 1.8175 acc_train: 0.3071 loss_val: 1.8499 acc_val: 0.3500 time: 0.0269s
Epoch: 0250 loss_train: 1.8551 acc_train: 0.2857 loss_val: 1.8486 acc_val: 0.3500 time: 0.0249s
Epoch: 0251 loss_train: 1.8520 acc_train: 0.3214 loss_val: 1.8473 acc_val: 0.3500 time: 0.0289s
Epoch: 0252 loss_train: 1.8744 acc_train: 0.2929 loss_val: 1.8459 acc_val: 0.3500 time: 0.0297s
Epoch: 0253 loss_train: 1.8452 acc_train: 0.2929 loss_val: 1.8446 acc_val: 0.3500 time: 0.0180s
Epoch: 0254 loss_train: 1.8428 acc_train: 0.2857 loss_val: 1.8434 acc_val: 0.3500 time: 0.0289s
Epoch: 0255 loss_train: 1.8477 acc_train: 0.2929 loss_val: 1.8421 acc_val: 0.3500 time: 0.0189s
Epoch: 0256 loss_train: 1.8286 acc_train: 0.3214 loss_val: 1.8408 acc_val: 0.3500 time: 0.0351s
Epoch: 0257 loss_train: 1.8203 acc_train: 0.3071 loss_val: 1.8396 acc_val: 0.3500 time: 0.0229s
Epoch: 0258 loss_train: 1.8177 acc_train: 0.3000 loss_val: 1.8384 acc_val: 0.3500 time: 0.0239s
Epoch: 0259 loss_train: 1.8152 acc_train: 0.3143 loss_val: 1.8371 acc_val: 0.3500 time: 0.0239s
Epoch: 0260 loss_train: 1.8406 acc_train: 0.2786 loss_val: 1.8359 acc_val: 0.3500 time: 0.0293s
Epoch: 0261 loss_train: 1.8283 acc_train: 0.3071 loss_val: 1.8346 acc_val: 0.3500 time: 0.0214s
Epoch: 0262 loss_train: 1.8149 acc_train: 0.2857 loss_val: 1.8334 acc_val: 0.3500 time: 0.0229s
Epoch: 0263 loss_train: 1.8510 acc_train: 0.2857 loss_val: 1.8322 acc_val: 0.3500 time: 0.0259s
Epoch: 0264 loss_train: 1.8365 acc_train: 0.3071 loss_val: 1.8310 acc_val: 0.3500 time: 0.0349s
Epoch: 0265 loss_train: 1.8321 acc_train: 0.3143 loss_val: 1.8297 acc_val: 0.3500 time: 0.0319s
Epoch: 0266 loss_train: 1.8358 acc_train: 0.2857 loss_val: 1.8285 acc_val: 0.3500 time: 0.0249s
Epoch: 0267 loss_train: 1.8276 acc_train: 0.2643 loss_val: 1.8272 acc_val: 0.3500 time: 0.0299s
Epoch: 0268 loss_train: 1.8313 acc_train: 0.3000 loss_val: 1.8260 acc_val: 0.3500 time: 0.0279s
Epoch: 0269 loss_train: 1.8044 acc_train: 0.3000 loss_val: 1.8248 acc_val: 0.3500 time: 0.0229s
Epoch: 0270 loss_train: 1.8211 acc_train: 0.3000 loss_val: 1.8235 acc_val: 0.3500 time: 0.0319s
Epoch: 0271 loss_train: 1.8196 acc_train: 0.3000 loss_val: 1.8223 acc_val: 0.3500 time: 0.0249s
Epoch: 0272 loss_train: 1.8272 acc_train: 0.3000 loss_val: 1.8210 acc_val: 0.3500 time: 0.0070s
Epoch: 0273 loss_train: 1.8127 acc_train: 0.3000 loss_val: 1.8198 acc_val: 0.3500 time: 0.0160s
Epoch: 0274 loss_train: 1.8291 acc_train: 0.3214 loss_val: 1.8185 acc_val: 0.3500 time: 0.0060s
Epoch: 0275 loss_train: 1.8173 acc_train: 0.2857 loss_val: 1.8173 acc_val: 0.3500 time: 0.0130s
Epoch: 0276 loss_train: 1.8098 acc_train: 0.3214 loss_val: 1.8161 acc_val: 0.3500 time: 0.0189s
Epoch: 0277 loss_train: 1.7958 acc_train: 0.2929 loss_val: 1.8148 acc_val: 0.3500 time: 0.0160s
Epoch: 0278 loss_train: 1.8154 acc_train: 0.3071 loss_val: 1.8136 acc_val: 0.3500 time: 0.0219s
Epoch: 0279 loss_train: 1.8172 acc_train: 0.2857 loss_val: 1.8124 acc_val: 0.3500 time: 0.0110s
Epoch: 0280 loss_train: 1.8107 acc_train: 0.2929 loss_val: 1.8112 acc_val: 0.3500 time: 0.0209s
Epoch: 0281 loss_train: 1.8020 acc_train: 0.3000 loss_val: 1.8100 acc_val: 0.3500 time: 0.0110s
Epoch: 0282 loss_train: 1.8027 acc_train: 0.2857 loss_val: 1.8087 acc_val: 0.3500 time: 0.0209s
Epoch: 0283 loss_train: 1.8214 acc_train: 0.2929 loss_val: 1.8075 acc_val: 0.3500 time: 0.0359s
Epoch: 0284 loss_train: 1.7984 acc_train: 0.3214 loss_val: 1.8063 acc_val: 0.3500 time: 0.0381s
Epoch: 0285 loss_train: 1.8051 acc_train: 0.3071 loss_val: 1.8051 acc_val: 0.3500 time: 0.0274s
Epoch: 0286 loss_train: 1.8152 acc_train: 0.2929 loss_val: 1.8040 acc_val: 0.3500 time: 0.0379s
Epoch: 0287 loss_train: 1.7791 acc_train: 0.3429 loss_val: 1.8028 acc_val: 0.3500 time: 0.0319s
Epoch: 0288 loss_train: 1.8156 acc_train: 0.2857 loss_val: 1.8016 acc_val: 0.3500 time: 0.0239s
Epoch: 0289 loss_train: 1.7958 acc_train: 0.2929 loss_val: 1.8004 acc_val: 0.3500 time: 0.0170s
Epoch: 0290 loss_train: 1.7597 acc_train: 0.3143 loss_val: 1.7992 acc_val: 0.3500 time: 0.0180s
Epoch: 0291 loss_train: 1.7957 acc_train: 0.3000 loss_val: 1.7980 acc_val: 0.3500 time: 0.0249s
Epoch: 0292 loss_train: 1.7959 acc_train: 0.3071 loss_val: 1.7968 acc_val: 0.3500 time: 0.0140s
Epoch: 0293 loss_train: 1.7980 acc_train: 0.2929 loss_val: 1.7957 acc_val: 0.3500 time: 0.0239s
Epoch: 0294 loss_train: 1.7833 acc_train: 0.3000 loss_val: 1.7945 acc_val: 0.3500 time: 0.0279s
Epoch: 0295 loss_train: 1.7851 acc_train: 0.2929 loss_val: 1.7934 acc_val: 0.3500 time: 0.0249s
Epoch: 0296 loss_train: 1.7837 acc_train: 0.2929 loss_val: 1.7923 acc_val: 0.3500 time: 0.0130s
Epoch: 0297 loss_train: 1.7940 acc_train: 0.3143 loss_val: 1.7911 acc_val: 0.3500 time: 0.0259s
Epoch: 0298 loss_train: 1.7928 acc_train: 0.2929 loss_val: 1.7900 acc_val: 0.3500 time: 0.0199s
Epoch: 0299 loss_train: 1.7911 acc_train: 0.3000 loss_val: 1.7889 acc_val: 0.3500 time: 0.0314s
Epoch: 0300 loss_train: 1.8042 acc_train: 0.2929 loss_val: 1.7878 acc_val: 0.3500 time: 0.0354s
Optimization Finished!
Total time elapsed: 8.0898s
Test set results: loss= 1.8784 accuracy= 0.3090
